2013-01-04T14:54:30+00:00 WARN (4): [2] stat(): stat failed for E:\github\development\socialengine\application\languages\en\book.csv (E:\github\development\socialengine\application\libraries\Engine\Vfs\Adapter\System.php) [77]
Error Code: c6edb0
Stack trace:
#0 E:\github\development\socialengine\application\libraries\Engine\Vfs\Adapter\System.php(77): stat('E:\github\development\socialengi...')
#1 E:\github\development\socialengine\application\libraries\Engine\Vfs\Adapter\Abstract.php(224): Engine_Vfs_Adapter_System->stat('E:\github\development\socialengi...')
#2 E:\github\development\socialengine\install\controllers\ManageController.php(752): Engine_Vfs_Adapter_Abstract->info('application/languages/en/book.cs...')
#3 E:\github\development\socialengine\application\libraries\Zend\Controller\Action.php(513): ManageController->permsAction()
#4 E:\github\development\socialengine\application\libraries\Zend\Controller\Dispatcher\Standard.php(289): Zend_Controller_Action->dispatch('permsAction')
#5 E:\github\development\socialengine\application\libraries\Zend\Controller\Front.php(946): Zend_Controller_Dispatcher_Standard->dispatch(Zend_Controller_Request_Http, Zend_Controller_Response_Http)
#6 E:\github\development\socialengine\application\libraries\Zend\Application\Bootstrap\Bootstrap.php(77): Zend_Controller_Front->dispatch()
#7 E:\github\development\socialengine\application\libraries\Zend\Application.php(358): Zend_Application_Bootstrap_Bootstrap->run()
#8 E:\github\development\socialengine\install\index.php(87): Zend_Application->run()
#9 {main}

2013-01-04T14:54:30+00:00 WARN (4): [2] stat(): stat failed for E:\github\development\socialengine\application\modules\Book\Api\Core.php (E:\github\development\socialengine\application\libraries\Engine\Vfs\Adapter\System.php) [77]
Error Code: 032440
Stack trace:
#0 E:\github\development\socialengine\application\libraries\Engine\Vfs\Adapter\System.php(77): stat('E:\github\development\socialengi...')
#1 E:\github\development\socialengine\application\libraries\Engine\Vfs\Adapter\Abstract.php(224): Engine_Vfs_Adapter_System->stat('E:\github\development\socialengi...')
#2 E:\github\development\socialengine\install\controllers\ManageController.php(752): Engine_Vfs_Adapter_Abstract->info('application/modules/Book/Api/Cor...')
#3 E:\github\development\socialengine\application\libraries\Zend\Controller\Action.php(513): ManageController->permsAction()
#4 E:\github\development\socialengine\application\libraries\Zend\Controller\Dispatcher\Standard.php(289): Zend_Controller_Action->dispatch('permsAction')
#5 E:\github\development\socialengine\application\libraries\Zend\Controller\Front.php(946): Zend_Controller_Dispatcher_Standard->dispatch(Zend_Controller_Request_Http, Zend_Controller_Response_Http)
#6 E:\github\development\socialengine\application\libraries\Zend\Application\Bootstrap\Bootstrap.php(77): Zend_Controller_Front->dispatch()
#7 E:\github\development\socialengine\application\libraries\Zend\Application.php(358): Zend_Application_Bootstrap_Bootstrap->run()
#8 E:\github\development\socialengine\install\index.php(87): Zend_Application->run()
#9 {main}

2013-01-04T14:54:30+00:00 WARN (4): [2] stat(): stat failed for E:\github\development\socialengine\application\modules\Book\Api (E:\github\development\socialengine\application\libraries\Engine\Vfs\Adapter\System.php) [77]
Error Code: a5cc8a
Stack trace:
#0 E:\github\development\socialengine\application\libraries\Engine\Vfs\Adapter\System.php(77): stat('E:\github\development\socialengi...')
#1 E:\github\development\socialengine\application\libraries\Engine\Vfs\Adapter\Abstract.php(224): Engine_Vfs_Adapter_System->stat('E:\github\development\socialengi...')
#2 E:\github\development\socialengine\install\controllers\ManageController.php(752): Engine_Vfs_Adapter_Abstract->info('application/modules/Book/Api')
#3 E:\github\development\socialengine\application\libraries\Zend\Controller\Action.php(513): ManageController->permsAction()
#4 E:\github\development\socialengine\application\libraries\Zend\Controller\Dispatcher\Standard.php(289): Zend_Controller_Action->dispatch('permsAction')
#5 E:\github\development\socialengine\application\libraries\Zend\Controller\Front.php(946): Zend_Controller_Dispatcher_Standard->dispatch(Zend_Controller_Request_Http, Zend_Controller_Response_Http)
#6 E:\github\development\socialengine\application\libraries\Zend\Application\Bootstrap\Bootstrap.php(77): Zend_Controller_Front->dispatch()
#7 E:\github\development\socialengine\application\libraries\Zend\Application.php(358): Zend_Application_Bootstrap_Bootstrap->run()
#8 E:\github\development\socialengine\install\index.php(87): Zend_Application->run()
#9 {main}

2013-01-04T14:54:30+00:00 WARN (4): [2] stat(): stat failed for E:\github\development\socialengine\application\modules\Book (E:\github\development\socialengine\application\libraries\Engine\Vfs\Adapter\System.php) [77]
Error Code: 6757cb
Stack trace:
#0 E:\github\development\socialengine\application\libraries\Engine\Vfs\Adapter\System.php(77): stat('E:\github\development\socialengi...')
#1 E:\github\development\socialengine\application\libraries\Engine\Vfs\Adapter\Abstract.php(224): Engine_Vfs_Adapter_System->stat('E:\github\development\socialengi...')
#2 E:\github\development\socialengine\install\controllers\ManageController.php(752): Engine_Vfs_Adapter_Abstract->info('application/modules/Book')
#3 E:\github\development\socialengine\application\libraries\Zend\Controller\Action.php(513): ManageController->permsAction()
#4 E:\github\development\socialengine\application\libraries\Zend\Controller\Dispatcher\Standard.php(289): Zend_Controller_Action->dispatch('permsAction')
#5 E:\github\development\socialengine\application\libraries\Zend\Controller\Front.php(946): Zend_Controller_Dispatcher_Standard->dispatch(Zend_Controller_Request_Http, Zend_Controller_Response_Http)
#6 E:\github\development\socialengine\application\libraries\Zend\Application\Bootstrap\Bootstrap.php(77): Zend_Controller_Front->dispatch()
#7 E:\github\development\socialengine\application\libraries\Zend\Application.php(358): Zend_Application_Bootstrap_Bootstrap->run()
#8 E:\github\development\socialengine\install\index.php(87): Zend_Application->run()
#9 {main}

2013-01-04T14:54:30+00:00 WARN (4): [2] stat(): stat failed for E:\github\development\socialengine\application\packages\module-book-1.0.0.json (E:\github\development\socialengine\application\libraries\Engine\Vfs\Adapter\System.php) [77]
Error Code: d0845c
Stack trace:
#0 E:\github\development\socialengine\application\libraries\Engine\Vfs\Adapter\System.php(77): stat('E:\github\development\socialengi...')
#1 E:\github\development\socialengine\application\libraries\Engine\Vfs\Adapter\Abstract.php(224): Engine_Vfs_Adapter_System->stat('E:\github\development\socialengi...')
#2 E:\github\development\socialengine\install\controllers\ManageController.php(752): Engine_Vfs_Adapter_Abstract->info('application/packages/module-book...')
#3 E:\github\development\socialengine\application\libraries\Zend\Controller\Action.php(513): ManageController->permsAction()
#4 E:\github\development\socialengine\application\libraries\Zend\Controller\Dispatcher\Standard.php(289): Zend_Controller_Action->dispatch('permsAction')
#5 E:\github\development\socialengine\application\libraries\Zend\Controller\Front.php(946): Zend_Controller_Dispatcher_Standard->dispatch(Zend_Controller_Request_Http, Zend_Controller_Response_Http)
#6 E:\github\development\socialengine\application\libraries\Zend\Application\Bootstrap\Bootstrap.php(77): Zend_Controller_Front->dispatch()
#7 E:\github\development\socialengine\application\libraries\Zend\Application.php(358): Zend_Application_Bootstrap_Bootstrap->run()
#8 E:\github\development\socialengine\install\index.php(87): Zend_Application->run()
#9 {main}

2013-01-04T20:17:43+00:00 WARN (4): [2] include(E:\github\development\socialengine\application\languages\en\manifest.php): failed to open stream: No such file or directory (E:\github\development\socialengine\install\controllers\SdkController.php) [271]
Error Code: c96eb5
Stack trace:
#0 E:\github\development\socialengine\install\controllers\SdkController.php(271): SdkController::buildAction()
#1 E:\github\development\socialengine\application\libraries\Zend\Controller\Action.php(513): SdkController->buildAction()
#2 E:\github\development\socialengine\application\libraries\Zend\Controller\Dispatcher\Standard.php(289): Zend_Controller_Action->dispatch('buildAction')
#3 E:\github\development\socialengine\application\libraries\Zend\Controller\Front.php(946): Zend_Controller_Dispatcher_Standard->dispatch(Zend_Controller_Request_Http, Zend_Controller_Response_Http)
#4 E:\github\development\socialengine\application\libraries\Zend\Application\Bootstrap\Bootstrap.php(77): Zend_Controller_Front->dispatch()
#5 E:\github\development\socialengine\application\libraries\Zend\Application.php(358): Zend_Application_Bootstrap_Bootstrap->run()
#6 E:\github\development\socialengine\install\index.php(87): Zend_Application->run()
#7 {main}

2013-01-04T20:17:43+00:00 WARN (4): [2] include(): Failed opening 'E:\github\development\socialengine\application\languages\en\manifest.php' for inclusion (include_path='E:\github\development\socialengine\application\libraries;E:\github\development\socialengine\application\libraries\PEAR;.') (E:\github\development\socialengine\install\controllers\SdkController.php) [271]
Error Code: bbe7b9
Stack trace:
#0 E:\github\development\socialengine\install\controllers\SdkController.php(271): SdkController::buildAction()
#1 E:\github\development\socialengine\application\libraries\Zend\Controller\Action.php(513): SdkController->buildAction()
#2 E:\github\development\socialengine\application\libraries\Zend\Controller\Dispatcher\Standard.php(289): Zend_Controller_Action->dispatch('buildAction')
#3 E:\github\development\socialengine\application\libraries\Zend\Controller\Front.php(946): Zend_Controller_Dispatcher_Standard->dispatch(Zend_Controller_Request_Http, Zend_Controller_Response_Http)
#4 E:\github\development\socialengine\application\libraries\Zend\Application\Bootstrap\Bootstrap.php(77): Zend_Controller_Front->dispatch()
#5 E:\github\development\socialengine\application\libraries\Zend\Application.php(358): Zend_Application_Bootstrap_Bootstrap->run()
#6 E:\github\development\socialengine\install\index.php(87): Zend_Application->run()
#7 {main}

2013-01-04T20:17:46+00:00 WARN (4): [2] include(E:\github\development\socialengine\application\languages\en\manifest.php): failed to open stream: No such file or directory (E:\github\development\socialengine\install\controllers\SdkController.php) [271]
Error Code: d2a8a9
Stack trace:
#0 E:\github\development\socialengine\install\controllers\SdkController.php(271): SdkController::buildAction()
#1 E:\github\development\socialengine\application\libraries\Zend\Controller\Action.php(513): SdkController->buildAction()
#2 E:\github\development\socialengine\application\libraries\Zend\Controller\Dispatcher\Standard.php(289): Zend_Controller_Action->dispatch('buildAction')
#3 E:\github\development\socialengine\application\libraries\Zend\Controller\Front.php(946): Zend_Controller_Dispatcher_Standard->dispatch(Zend_Controller_Request_Http, Zend_Controller_Response_Http)
#4 E:\github\development\socialengine\application\libraries\Zend\Application\Bootstrap\Bootstrap.php(77): Zend_Controller_Front->dispatch()
#5 E:\github\development\socialengine\application\libraries\Zend\Application.php(358): Zend_Application_Bootstrap_Bootstrap->run()
#6 E:\github\development\socialengine\install\index.php(87): Zend_Application->run()
#7 {main}

2013-01-04T20:17:46+00:00 WARN (4): [2] include(): Failed opening 'E:\github\development\socialengine\application\languages\en\manifest.php' for inclusion (include_path='E:\github\development\socialengine\application\libraries;E:\github\development\socialengine\application\libraries\PEAR;.') (E:\github\development\socialengine\install\controllers\SdkController.php) [271]
Error Code: f3469b
Stack trace:
#0 E:\github\development\socialengine\install\controllers\SdkController.php(271): SdkController::buildAction()
#1 E:\github\development\socialengine\application\libraries\Zend\Controller\Action.php(513): SdkController->buildAction()
#2 E:\github\development\socialengine\application\libraries\Zend\Controller\Dispatcher\Standard.php(289): Zend_Controller_Action->dispatch('buildAction')
#3 E:\github\development\socialengine\application\libraries\Zend\Controller\Front.php(946): Zend_Controller_Dispatcher_Standard->dispatch(Zend_Controller_Request_Http, Zend_Controller_Response_Http)
#4 E:\github\development\socialengine\application\libraries\Zend\Application\Bootstrap\Bootstrap.php(77): Zend_Controller_Front->dispatch()
#5 E:\github\development\socialengine\application\libraries\Zend\Application.php(358): Zend_Application_Bootstrap_Bootstrap->run()
#6 E:\github\development\socialengine\install\index.php(87): Zend_Application->run()
#7 {main}

