2012-11-07T03:11:26+00:00 DEBUG (7): [Zend] lehoangduc.vt@gmail.com <- admin@socialengine.com
2012-11-07T03:11:26+00:00 DEBUG (7): [System] (core_welcome) lehoangduc.vt@gmail.com <- admin@socialengine.com
2012-11-07T03:14:31+00:00 DEBUG (7): [Zend] admin@socialengine.com, duclh@younetco.com, lehoangduc.vt@gmail.com <- admin@socialengine.com
2012-11-07T03:14:31+00:00 DEBUG (7): [Zend] admin@socialengine.com, duclh@younetco.com, lehoangduc.vt@gmail.com <- admin@socialengine.com
2012-11-07T03:14:34+00:00 DEBUG (7): [Zend] admin@socialengine.com, duclh@younetco.com <- admin@socialengine.com
2012-11-07T03:14:34+00:00 DEBUG (7): [Zend] admin@socialengine.com, duclh@younetco.com <- admin@socialengine.com
2012-11-07T03:22:42+00:00 DEBUG (7): [Zend] admin@socialengine.com, duclh@younetco.com, lehoangduc.vt@gmail.com <- admin@socialengine.com
2012-11-07T03:22:42+00:00 DEBUG (7): [Zend] admin@socialengine.com, duclh@younetco.com, lehoangduc.vt@gmail.com <- admin@socialengine.com
2012-11-07T03:22:45+00:00 DEBUG (7): [Zend] admin@socialengine.com, duclh@younetco.com <- admin@socialengine.com
2012-11-07T03:22:45+00:00 DEBUG (7): [Zend] admin@socialengine.com, duclh@younetco.com <- admin@socialengine.com
2012-11-07T03:28:33+00:00 DEBUG (7): [Zend] duclh@younetco.com <- admin@socialengine.com
2012-11-07T03:28:33+00:00 DEBUG (7): [System] (notify_friend_request) duclh@younetco.com <- admin@socialengine.com
2012-11-07T03:29:11+00:00 DEBUG (7): [Zend] lehoangduc.vt@gmail.com <- admin@socialengine.com
2012-11-07T03:29:11+00:00 DEBUG (7): [System] (notify_friend_accepted) lehoangduc.vt@gmail.com <- admin@socialengine.com
2012-11-07T07:59:24+00:00 DEBUG (7): [Zend] lehoangduc_cntt@yahoo.com.vn <- admin@socialengine.com
2012-11-07T07:59:24+00:00 DEBUG (7): [System] (user_account_approved) lehoangduc_cntt@yahoo.com.vn <- admin@socialengine.com
2012-11-07T07:59:27+00:00 DEBUG (7): [Zend] lehoangduc_cntt@yahoo.com.vn <- admin@socialengine.com
2012-11-07T07:59:27+00:00 DEBUG (7): [System] (core_welcome) lehoangduc_cntt@yahoo.com.vn <- admin@socialengine.com
2012-11-07T08:49:43+00:00 DEBUG (7): [Zend] duclh@younetco.com <- admin@socialengine.com
2012-11-07T08:49:43+00:00 DEBUG (7): [System] (core_contact) duclh@younetco.com <- admin@socialengine.com
2012-11-12T03:43:30+00:00 DEBUG (7): [Zend] lehoangduc2@gmail.com <- admin@socialengine.com
2012-11-12T03:43:31+00:00 DEBUG (7): [System] (core_welcome) lehoangduc2@gmail.com <- admin@socialengine.com
2012-11-15T07:29:23+00:00 DEBUG (7): [Zend] duclh@younetco.com <- admin@socialengine.com
2012-11-15T07:29:23+00:00 DEBUG (7): [System] (notify_liked) duclh@younetco.com <- admin@socialengine.com
2012-11-19T03:22:52+00:00 DEBUG (7): [Zend] lehoangduc.vt@gmail.com <- admin@socialengine.com
2012-11-19T03:22:52+00:00 DEBUG (7): [System] (payment_subscription_active) lehoangduc.vt@gmail.com <- admin@socialengine.com
2012-11-19T04:02:47+00:00 DEBUG (7): [Zend] lehoangduc.vt@gmail.com <- admin@socialengine.com
2012-11-19T04:02:47+00:00 DEBUG (7): [System] (payment_subscription_active) lehoangduc.vt@gmail.com <- admin@socialengine.com
