2013-01-04T14:54:44+00:00 WARN (4): [2048] Declaration of User_Model_DbTable_Membership::isResourceApprovalRequired() should be compatible with Core_Model_DbTable_Membership::isResourceApprovalRequired(Core_Model_Item_Abstract $resource) (E:\github\development\socialengine\application\modules\User\Model\DbTable\Membership.php) [20]
Error Code: f5c1ce
Stack trace:
#0 E:\github\development\socialengine\application\libraries\Engine\Loader.php(103): include_once('E:\github\development\socialengi...')
#1 E:\github\development\socialengine\application\libraries\Engine\Loader.php(130): Engine_Loader::autoload('User_Model_DbTable_Membership')
#2 E:\github\development\socialengine\application\libraries\Engine\Loader.php(160): Engine_Loader::loadClass('User_Model_DbTable_Membership')
#3 E:\github\development\socialengine\application\libraries\Engine\Api.php(268): Engine_Loader->load('User_Model_DbTable_Membership')
#4 E:\github\development\socialengine\application\libraries\Engine\Api.php(241): Engine_Api->load('user', 'dbtable', 'membership')
#5 E:\github\development\socialengine\application\modules\Core\widgets\statistics\Controller.php(36): Engine_Api->__call('getDbtable', Array)
#6 E:\github\development\socialengine\application\modules\Core\widgets\statistics\Controller.php(36): Engine_Api->getDbtable('membership', 'user')
#7 E:\github\development\socialengine\application\libraries\Engine\Content\Widget\Abstract.php(254): Core_Widget_StatisticsController->indexAction()
#8 E:\github\development\socialengine\application\libraries\Engine\Content\Element\Widget.php(66): Engine_Content_Widget_Abstract->render()
#9 E:\github\development\socialengine\application\libraries\Engine\Content\Element\Abstract.php(583): Engine_Content_Element_Widget->_render()
#10 E:\github\development\socialengine\application\libraries\Engine\Content\Decorator\Children.php(31): Engine_Content_Element_Abstract->render()
#11 E:\github\development\socialengine\application\libraries\Engine\Content\Element\Abstract.php(594): Engine_Content_Decorator_Children->render('')
#12 E:\github\development\socialengine\application\libraries\Engine\Content\Decorator\Children.php(31): Engine_Content_Element_Abstract->render()
#13 E:\github\development\socialengine\application\libraries\Engine\Content\Element\Abstract.php(594): Engine_Content_Decorator_Children->render('')
#14 E:\github\development\socialengine\application\libraries\Engine\Content\Decorator\Children.php(31): Engine_Content_Element_Abstract->render()
#15 E:\github\development\socialengine\application\libraries\Engine\Content\Element\Abstract.php(594): Engine_Content_Decorator_Children->render('')
#16 E:\github\development\socialengine\application\libraries\Engine\Content.php(207): Engine_Content_Element_Abstract->render()
#17 E:\github\development\socialengine\application\libraries\Engine\Content\Controller\Action\Helper\Content.php(136): Engine_Content->render('user_index_home')
#18 E:\github\development\socialengine\application\libraries\Engine\Content\Controller\Action\Helper\Content.php(38): Engine_Content_Controller_Action_Helper_Content->render()
#19 E:\github\development\socialengine\application\libraries\Zend\Controller\Action\HelperBroker.php(277): Engine_Content_Controller_Action_Helper_Content->postDispatch()
#20 E:\github\development\socialengine\application\libraries\Zend\Controller\Action.php(523): Zend_Controller_Action_HelperBroker->notifyPostDispatch()
#21 E:\github\development\socialengine\application\libraries\Zend\Controller\Dispatcher\Standard.php(289): Zend_Controller_Action->dispatch('homeAction')
#22 E:\github\development\socialengine\application\libraries\Zend\Controller\Front.php(946): Zend_Controller_Dispatcher_Standard->dispatch(Zend_Controller_Request_Http, Zend_Controller_Response_Http)
#23 E:\github\development\socialengine\application\modules\Core\Bootstrap.php(75): Zend_Controller_Front->dispatch()
#24 E:\github\development\socialengine\application\libraries\Engine\Application.php(160): Core_Bootstrap->run()
#25 E:\github\development\socialengine\application\index.php(205): Engine_Application->run()
#26 E:\github\development\socialengine\index.php(24): include('E:\github\development\socialengi...')
#27 {main}

2013-01-04T14:54:44+00:00 WARN (4): [2048] Declaration of User_Model_DbTable_Membership::isUserApprovalRequired() should be compatible with Core_Model_DbTable_Membership::isUserApprovalRequired(Core_Model_Item_Abstract $resource) (E:\github\development\socialengine\application\modules\User\Model\DbTable\Membership.php) [20]
Error Code: ec1f58
Stack trace:
#0 E:\github\development\socialengine\application\libraries\Engine\Loader.php(103): include_once('E:\github\development\socialengi...')
#1 E:\github\development\socialengine\application\libraries\Engine\Loader.php(130): Engine_Loader::autoload('User_Model_DbTable_Membership')
#2 E:\github\development\socialengine\application\libraries\Engine\Loader.php(160): Engine_Loader::loadClass('User_Model_DbTable_Membership')
#3 E:\github\development\socialengine\application\libraries\Engine\Api.php(268): Engine_Loader->load('User_Model_DbTable_Membership')
#4 E:\github\development\socialengine\application\libraries\Engine\Api.php(241): Engine_Api->load('user', 'dbtable', 'membership')
#5 E:\github\development\socialengine\application\modules\Core\widgets\statistics\Controller.php(36): Engine_Api->__call('getDbtable', Array)
#6 E:\github\development\socialengine\application\modules\Core\widgets\statistics\Controller.php(36): Engine_Api->getDbtable('membership', 'user')
#7 E:\github\development\socialengine\application\libraries\Engine\Content\Widget\Abstract.php(254): Core_Widget_StatisticsController->indexAction()
#8 E:\github\development\socialengine\application\libraries\Engine\Content\Element\Widget.php(66): Engine_Content_Widget_Abstract->render()
#9 E:\github\development\socialengine\application\libraries\Engine\Content\Element\Abstract.php(583): Engine_Content_Element_Widget->_render()
#10 E:\github\development\socialengine\application\libraries\Engine\Content\Decorator\Children.php(31): Engine_Content_Element_Abstract->render()
#11 E:\github\development\socialengine\application\libraries\Engine\Content\Element\Abstract.php(594): Engine_Content_Decorator_Children->render('')
#12 E:\github\development\socialengine\application\libraries\Engine\Content\Decorator\Children.php(31): Engine_Content_Element_Abstract->render()
#13 E:\github\development\socialengine\application\libraries\Engine\Content\Element\Abstract.php(594): Engine_Content_Decorator_Children->render('')
#14 E:\github\development\socialengine\application\libraries\Engine\Content\Decorator\Children.php(31): Engine_Content_Element_Abstract->render()
#15 E:\github\development\socialengine\application\libraries\Engine\Content\Element\Abstract.php(594): Engine_Content_Decorator_Children->render('')
#16 E:\github\development\socialengine\application\libraries\Engine\Content.php(207): Engine_Content_Element_Abstract->render()
#17 E:\github\development\socialengine\application\libraries\Engine\Content\Controller\Action\Helper\Content.php(136): Engine_Content->render('user_index_home')
#18 E:\github\development\socialengine\application\libraries\Engine\Content\Controller\Action\Helper\Content.php(38): Engine_Content_Controller_Action_Helper_Content->render()
#19 E:\github\development\socialengine\application\libraries\Zend\Controller\Action\HelperBroker.php(277): Engine_Content_Controller_Action_Helper_Content->postDispatch()
#20 E:\github\development\socialengine\application\libraries\Zend\Controller\Action.php(523): Zend_Controller_Action_HelperBroker->notifyPostDispatch()
#21 E:\github\development\socialengine\application\libraries\Zend\Controller\Dispatcher\Standard.php(289): Zend_Controller_Action->dispatch('homeAction')
#22 E:\github\development\socialengine\application\libraries\Zend\Controller\Front.php(946): Zend_Controller_Dispatcher_Standard->dispatch(Zend_Controller_Request_Http, Zend_Controller_Response_Http)
#23 E:\github\development\socialengine\application\modules\Core\Bootstrap.php(75): Zend_Controller_Front->dispatch()
#24 E:\github\development\socialengine\application\libraries\Engine\Application.php(160): Core_Bootstrap->run()
#25 E:\github\development\socialengine\application\index.php(205): Engine_Application->run()
#26 E:\github\development\socialengine\index.php(24): include('E:\github\development\socialengi...')
#27 {main}

2013-01-04T14:54:44+00:00 WARN (4): [2048] Declaration of Network_Model_DbTable_Membership::isResourceApprovalRequired() should be compatible with Core_Model_DbTable_Membership::isResourceApprovalRequired(Core_Model_Item_Abstract $resource) (E:\github\development\socialengine\application\modules\Network\Model\DbTable\Membership.php) [37]
Error Code: bfc0e2
Stack trace:
#0 E:\github\development\socialengine\application\libraries\Engine\Loader.php(103): Engine_Loader::autoload()
#1 E:\github\development\socialengine\application\libraries\Engine\Loader.php(130): Engine_Loader::autoload('Network_Model_DbTable_Membership')
#2 E:\github\development\socialengine\application\libraries\Engine\Loader.php(160): Engine_Loader::loadClass('Network_Model_DbTable_Membership')
#3 E:\github\development\socialengine\application\libraries\Engine\Api.php(268): Engine_Loader->load('Network_Model_DbTable_Membership')
#4 E:\github\development\socialengine\application\libraries\Engine\Api.php(241): Engine_Api->load('network', 'dbtable', 'membership')
#5 E:\github\development\socialengine\application\modules\Activity\Plugin\Core.php(143): Engine_Api->__call('getDbtable', Array)
#6 E:\github\development\socialengine\application\modules\Activity\Plugin\Core.php(143): Engine_Api->getDbtable('membership', 'network')
#7 E:\github\development\socialengine\application\libraries\Engine\Hooks\Dispatcher.php(224): Activity_Plugin_Core->getActivity(Engine_Hooks_Event)
#8 E:\github\development\socialengine\application\modules\Activity\Model\DbTable\Actions.php(114): Engine_Hooks_Dispatcher->callEvent('getActivity', Array)
#9 E:\github\development\socialengine\application\modules\Activity\widgets\feed\Controller.php(94): Activity_Model_DbTable_Actions->getActivity(User_Model_User, Array)
#10 E:\github\development\socialengine\application\libraries\Engine\Content\Widget\Abstract.php(254): Activity_Widget_FeedController->indexAction()
#11 E:\github\development\socialengine\application\libraries\Engine\Content\Element\Widget.php(66): Engine_Content_Widget_Abstract->render()
#12 E:\github\development\socialengine\application\libraries\Engine\Content\Element\Abstract.php(583): Engine_Content_Element_Widget->_render()
#13 E:\github\development\socialengine\application\libraries\Engine\Content\Decorator\Children.php(31): Engine_Content_Element_Abstract->render()
#14 E:\github\development\socialengine\application\libraries\Engine\Content\Element\Abstract.php(594): Engine_Content_Decorator_Children->render('')
#15 E:\github\development\socialengine\application\libraries\Engine\Content\Decorator\Children.php(31): Engine_Content_Element_Abstract->render()
#16 E:\github\development\socialengine\application\libraries\Engine\Content\Element\Abstract.php(594): Engine_Content_Decorator_Children->render('')
#17 E:\github\development\socialengine\application\libraries\Engine\Content\Decorator\Children.php(31): Engine_Content_Element_Abstract->render()
#18 E:\github\development\socialengine\application\libraries\Engine\Content\Element\Abstract.php(594): Engine_Content_Decorator_Children->render('')
#19 E:\github\development\socialengine\application\libraries\Engine\Content.php(207): Engine_Content_Element_Abstract->render()
#20 E:\github\development\socialengine\application\libraries\Engine\Content\Controller\Action\Helper\Content.php(136): Engine_Content->render('user_index_home')
#21 E:\github\development\socialengine\application\libraries\Engine\Content\Controller\Action\Helper\Content.php(38): Engine_Content_Controller_Action_Helper_Content->render()
#22 E:\github\development\socialengine\application\libraries\Zend\Controller\Action\HelperBroker.php(277): Engine_Content_Controller_Action_Helper_Content->postDispatch()
#23 E:\github\development\socialengine\application\libraries\Zend\Controller\Action.php(523): Zend_Controller_Action_HelperBroker->notifyPostDispatch()
#24 E:\github\development\socialengine\application\libraries\Zend\Controller\Dispatcher\Standard.php(289): Zend_Controller_Action->dispatch('homeAction')
#25 E:\github\development\socialengine\application\libraries\Zend\Controller\Front.php(946): Zend_Controller_Dispatcher_Standard->dispatch(Zend_Controller_Request_Http, Zend_Controller_Response_Http)
#26 E:\github\development\socialengine\application\modules\Core\Bootstrap.php(75): Zend_Controller_Front->dispatch()
#27 E:\github\development\socialengine\application\libraries\Engine\Application.php(160): Core_Bootstrap->run()
#28 E:\github\development\socialengine\application\index.php(205): Engine_Application->run()
#29 E:\github\development\socialengine\index.php(24): include('E:\github\development\socialengi...')
#30 {main}

2013-01-04T14:54:44+00:00 WARN (4): [2048] Declaration of Network_Model_DbTable_Membership::isUserApprovalRequired() should be compatible with Core_Model_DbTable_Membership::isUserApprovalRequired(Core_Model_Item_Abstract $resource) (E:\github\development\socialengine\application\modules\Network\Model\DbTable\Membership.php) [37]
Error Code: 103009
Stack trace:
#0 E:\github\development\socialengine\application\libraries\Engine\Loader.php(103): Engine_Loader::autoload()
#1 E:\github\development\socialengine\application\libraries\Engine\Loader.php(130): Engine_Loader::autoload('Network_Model_DbTable_Membership')
#2 E:\github\development\socialengine\application\libraries\Engine\Loader.php(160): Engine_Loader::loadClass('Network_Model_DbTable_Membership')
#3 E:\github\development\socialengine\application\libraries\Engine\Api.php(268): Engine_Loader->load('Network_Model_DbTable_Membership')
#4 E:\github\development\socialengine\application\libraries\Engine\Api.php(241): Engine_Api->load('network', 'dbtable', 'membership')
#5 E:\github\development\socialengine\application\modules\Activity\Plugin\Core.php(143): Engine_Api->__call('getDbtable', Array)
#6 E:\github\development\socialengine\application\modules\Activity\Plugin\Core.php(143): Engine_Api->getDbtable('membership', 'network')
#7 E:\github\development\socialengine\application\libraries\Engine\Hooks\Dispatcher.php(224): Activity_Plugin_Core->getActivity(Engine_Hooks_Event)
#8 E:\github\development\socialengine\application\modules\Activity\Model\DbTable\Actions.php(114): Engine_Hooks_Dispatcher->callEvent('getActivity', Array)
#9 E:\github\development\socialengine\application\modules\Activity\widgets\feed\Controller.php(94): Activity_Model_DbTable_Actions->getActivity(User_Model_User, Array)
#10 E:\github\development\socialengine\application\libraries\Engine\Content\Widget\Abstract.php(254): Activity_Widget_FeedController->indexAction()
#11 E:\github\development\socialengine\application\libraries\Engine\Content\Element\Widget.php(66): Engine_Content_Widget_Abstract->render()
#12 E:\github\development\socialengine\application\libraries\Engine\Content\Element\Abstract.php(583): Engine_Content_Element_Widget->_render()
#13 E:\github\development\socialengine\application\libraries\Engine\Content\Decorator\Children.php(31): Engine_Content_Element_Abstract->render()
#14 E:\github\development\socialengine\application\libraries\Engine\Content\Element\Abstract.php(594): Engine_Content_Decorator_Children->render('')
#15 E:\github\development\socialengine\application\libraries\Engine\Content\Decorator\Children.php(31): Engine_Content_Element_Abstract->render()
#16 E:\github\development\socialengine\application\libraries\Engine\Content\Element\Abstract.php(594): Engine_Content_Decorator_Children->render('')
#17 E:\github\development\socialengine\application\libraries\Engine\Content\Decorator\Children.php(31): Engine_Content_Element_Abstract->render()
#18 E:\github\development\socialengine\application\libraries\Engine\Content\Element\Abstract.php(594): Engine_Content_Decorator_Children->render('')
#19 E:\github\development\socialengine\application\libraries\Engine\Content.php(207): Engine_Content_Element_Abstract->render()
#20 E:\github\development\socialengine\application\libraries\Engine\Content\Controller\Action\Helper\Content.php(136): Engine_Content->render('user_index_home')
#21 E:\github\development\socialengine\application\libraries\Engine\Content\Controller\Action\Helper\Content.php(38): Engine_Content_Controller_Action_Helper_Content->render()
#22 E:\github\development\socialengine\application\libraries\Zend\Controller\Action\HelperBroker.php(277): Engine_Content_Controller_Action_Helper_Content->postDispatch()
#23 E:\github\development\socialengine\application\libraries\Zend\Controller\Action.php(523): Zend_Controller_Action_HelperBroker->notifyPostDispatch()
#24 E:\github\development\socialengine\application\libraries\Zend\Controller\Dispatcher\Standard.php(289): Zend_Controller_Action->dispatch('homeAction')
#25 E:\github\development\socialengine\application\libraries\Zend\Controller\Front.php(946): Zend_Controller_Dispatcher_Standard->dispatch(Zend_Controller_Request_Http, Zend_Controller_Response_Http)
#26 E:\github\development\socialengine\application\modules\Core\Bootstrap.php(75): Zend_Controller_Front->dispatch()
#27 E:\github\development\socialengine\application\libraries\Engine\Application.php(160): Core_Bootstrap->run()
#28 E:\github\development\socialengine\application\index.php(205): Engine_Application->run()
#29 E:\github\development\socialengine\index.php(24): include('E:\github\development\socialengi...')
#30 {main}

2013-01-04T14:54:48+00:00 WARN (4): [2048] Declaration of User_Model_DbTable_Membership::isResourceApprovalRequired() should be compatible with Core_Model_DbTable_Membership::isResourceApprovalRequired(Core_Model_Item_Abstract $resource) (E:\github\development\socialengine\application\modules\User\Model\DbTable\Membership.php) [20]
Error Code: 25da16
Stack trace:
#0 E:\github\development\socialengine\application\libraries\Engine\Loader.php(103): include_once('E:\github\development\socialengi...')
#1 E:\github\development\socialengine\application\libraries\Engine\Loader.php(130): Engine_Loader::autoload('User_Model_DbTable_Membership')
#2 E:\github\development\socialengine\application\libraries\Engine\Loader.php(160): Engine_Loader::loadClass('User_Model_DbTable_Membership')
#3 E:\github\development\socialengine\application\libraries\Engine\Api.php(268): Engine_Loader->load('User_Model_DbTable_Membership')
#4 E:\github\development\socialengine\application\libraries\Engine\Api.php(241): Engine_Api->load('user', 'dbtable', 'membership')
#5 E:\github\development\socialengine\application\modules\User\Model\User.php(548): Engine_Api->__call('getDbtable', Array)
#6 E:\github\development\socialengine\application\modules\User\Model\User.php(548): Engine_Api->getDbtable('membership', 'user')
#7 E:\github\development\socialengine\application\modules\Activity\Plugin\Core.php(130): User_Model_User->membership()
#8 E:\github\development\socialengine\application\libraries\Engine\Hooks\Dispatcher.php(224): Activity_Plugin_Core->getActivity(Engine_Hooks_Event)
#9 E:\github\development\socialengine\application\modules\Activity\Model\DbTable\Actions.php(114): Engine_Hooks_Dispatcher->callEvent('getActivity', Array)
#10 E:\github\development\socialengine\application\modules\Activity\widgets\feed\Controller.php(94): Activity_Model_DbTable_Actions->getActivity(User_Model_User, Array)
#11 E:\github\development\socialengine\application\libraries\Engine\Content\Widget\Abstract.php(254): Activity_Widget_FeedController->indexAction()
#12 E:\github\development\socialengine\application\libraries\Engine\Content\Element\Widget.php(66): Engine_Content_Widget_Abstract->render()
#13 E:\github\development\socialengine\application\libraries\Engine\Content\Element\Abstract.php(583): Engine_Content_Element_Widget->_render()
#14 E:\github\development\socialengine\application\libraries\Engine\Content\Decorator\Children.php(31): Engine_Content_Element_Abstract->render()
#15 E:\github\development\socialengine\application\libraries\Engine\Content\Element\Abstract.php(594): Engine_Content_Decorator_Children->render('')
#16 E:\github\development\socialengine\application\modules\Core\controllers\WidgetController.php(90): Engine_Content_Element_Abstract->render()
#17 E:\github\development\socialengine\application\libraries\Zend\Controller\Action.php(513): Core_WidgetController->indexAction()
#18 E:\github\development\socialengine\application\libraries\Zend\Controller\Dispatcher\Standard.php(289): Zend_Controller_Action->dispatch('indexAction')
#19 E:\github\development\socialengine\application\libraries\Zend\Controller\Front.php(946): Zend_Controller_Dispatcher_Standard->dispatch(Zend_Controller_Request_Http, Zend_Controller_Response_Http)
#20 E:\github\development\socialengine\application\modules\Core\Bootstrap.php(75): Zend_Controller_Front->dispatch()
#21 E:\github\development\socialengine\application\libraries\Engine\Application.php(160): Core_Bootstrap->run()
#22 E:\github\development\socialengine\application\index.php(205): Engine_Application->run()
#23 E:\github\development\socialengine\index.php(24): include('E:\github\development\socialengi...')
#24 {main}

2013-01-04T14:54:48+00:00 WARN (4): [2048] Declaration of User_Model_DbTable_Membership::isUserApprovalRequired() should be compatible with Core_Model_DbTable_Membership::isUserApprovalRequired(Core_Model_Item_Abstract $resource) (E:\github\development\socialengine\application\modules\User\Model\DbTable\Membership.php) [20]
Error Code: 91a824
Stack trace:
#0 E:\github\development\socialengine\application\libraries\Engine\Loader.php(103): include_once('E:\github\development\socialengi...')
#1 E:\github\development\socialengine\application\libraries\Engine\Loader.php(130): Engine_Loader::autoload('User_Model_DbTable_Membership')
#2 E:\github\development\socialengine\application\libraries\Engine\Loader.php(160): Engine_Loader::loadClass('User_Model_DbTable_Membership')
#3 E:\github\development\socialengine\application\libraries\Engine\Api.php(268): Engine_Loader->load('User_Model_DbTable_Membership')
#4 E:\github\development\socialengine\application\libraries\Engine\Api.php(241): Engine_Api->load('user', 'dbtable', 'membership')
#5 E:\github\development\socialengine\application\modules\User\Model\User.php(548): Engine_Api->__call('getDbtable', Array)
#6 E:\github\development\socialengine\application\modules\User\Model\User.php(548): Engine_Api->getDbtable('membership', 'user')
#7 E:\github\development\socialengine\application\modules\Activity\Plugin\Core.php(130): User_Model_User->membership()
#8 E:\github\development\socialengine\application\libraries\Engine\Hooks\Dispatcher.php(224): Activity_Plugin_Core->getActivity(Engine_Hooks_Event)
#9 E:\github\development\socialengine\application\modules\Activity\Model\DbTable\Actions.php(114): Engine_Hooks_Dispatcher->callEvent('getActivity', Array)
#10 E:\github\development\socialengine\application\modules\Activity\widgets\feed\Controller.php(94): Activity_Model_DbTable_Actions->getActivity(User_Model_User, Array)
#11 E:\github\development\socialengine\application\libraries\Engine\Content\Widget\Abstract.php(254): Activity_Widget_FeedController->indexAction()
#12 E:\github\development\socialengine\application\libraries\Engine\Content\Element\Widget.php(66): Engine_Content_Widget_Abstract->render()
#13 E:\github\development\socialengine\application\libraries\Engine\Content\Element\Abstract.php(583): Engine_Content_Element_Widget->_render()
#14 E:\github\development\socialengine\application\libraries\Engine\Content\Decorator\Children.php(31): Engine_Content_Element_Abstract->render()
#15 E:\github\development\socialengine\application\libraries\Engine\Content\Element\Abstract.php(594): Engine_Content_Decorator_Children->render('')
#16 E:\github\development\socialengine\application\modules\Core\controllers\WidgetController.php(90): Engine_Content_Element_Abstract->render()
#17 E:\github\development\socialengine\application\libraries\Zend\Controller\Action.php(513): Core_WidgetController->indexAction()
#18 E:\github\development\socialengine\application\libraries\Zend\Controller\Dispatcher\Standard.php(289): Zend_Controller_Action->dispatch('indexAction')
#19 E:\github\development\socialengine\application\libraries\Zend\Controller\Front.php(946): Zend_Controller_Dispatcher_Standard->dispatch(Zend_Controller_Request_Http, Zend_Controller_Response_Http)
#20 E:\github\development\socialengine\application\modules\Core\Bootstrap.php(75): Zend_Controller_Front->dispatch()
#21 E:\github\development\socialengine\application\libraries\Engine\Application.php(160): Core_Bootstrap->run()
#22 E:\github\development\socialengine\application\index.php(205): Engine_Application->run()
#23 E:\github\development\socialengine\index.php(24): include('E:\github\development\socialengi...')
#24 {main}

2013-01-04T14:54:48+00:00 WARN (4): [2048] Declaration of Network_Model_DbTable_Membership::isResourceApprovalRequired() should be compatible with Core_Model_DbTable_Membership::isResourceApprovalRequired(Core_Model_Item_Abstract $resource) (E:\github\development\socialengine\application\modules\Network\Model\DbTable\Membership.php) [37]
Error Code: bb633a
Stack trace:
#0 E:\github\development\socialengine\application\libraries\Engine\Loader.php(103): Engine_Loader::autoload()
#1 E:\github\development\socialengine\application\libraries\Engine\Loader.php(130): Engine_Loader::autoload('Network_Model_DbTable_Membership')
#2 E:\github\development\socialengine\application\libraries\Engine\Loader.php(160): Engine_Loader::loadClass('Network_Model_DbTable_Membership')
#3 E:\github\development\socialengine\application\libraries\Engine\Api.php(268): Engine_Loader->load('Network_Model_DbTable_Membership')
#4 E:\github\development\socialengine\application\libraries\Engine\Api.php(241): Engine_Api->load('network', 'dbtable', 'membership')
#5 E:\github\development\socialengine\application\modules\Activity\Plugin\Core.php(143): Engine_Api->__call('getDbtable', Array)
#6 E:\github\development\socialengine\application\modules\Activity\Plugin\Core.php(143): Engine_Api->getDbtable('membership', 'network')
#7 E:\github\development\socialengine\application\libraries\Engine\Hooks\Dispatcher.php(224): Activity_Plugin_Core->getActivity(Engine_Hooks_Event)
#8 E:\github\development\socialengine\application\modules\Activity\Model\DbTable\Actions.php(114): Engine_Hooks_Dispatcher->callEvent('getActivity', Array)
#9 E:\github\development\socialengine\application\modules\Activity\widgets\feed\Controller.php(94): Activity_Model_DbTable_Actions->getActivity(User_Model_User, Array)
#10 E:\github\development\socialengine\application\libraries\Engine\Content\Widget\Abstract.php(254): Activity_Widget_FeedController->indexAction()
#11 E:\github\development\socialengine\application\libraries\Engine\Content\Element\Widget.php(66): Engine_Content_Widget_Abstract->render()
#12 E:\github\development\socialengine\application\libraries\Engine\Content\Element\Abstract.php(583): Engine_Content_Element_Widget->_render()
#13 E:\github\development\socialengine\application\libraries\Engine\Content\Decorator\Children.php(31): Engine_Content_Element_Abstract->render()
#14 E:\github\development\socialengine\application\libraries\Engine\Content\Element\Abstract.php(594): Engine_Content_Decorator_Children->render('')
#15 E:\github\development\socialengine\application\modules\Core\controllers\WidgetController.php(90): Engine_Content_Element_Abstract->render()
#16 E:\github\development\socialengine\application\libraries\Zend\Controller\Action.php(513): Core_WidgetController->indexAction()
#17 E:\github\development\socialengine\application\libraries\Zend\Controller\Dispatcher\Standard.php(289): Zend_Controller_Action->dispatch('indexAction')
#18 E:\github\development\socialengine\application\libraries\Zend\Controller\Front.php(946): Zend_Controller_Dispatcher_Standard->dispatch(Zend_Controller_Request_Http, Zend_Controller_Response_Http)
#19 E:\github\development\socialengine\application\modules\Core\Bootstrap.php(75): Zend_Controller_Front->dispatch()
#20 E:\github\development\socialengine\application\libraries\Engine\Application.php(160): Core_Bootstrap->run()
#21 E:\github\development\socialengine\application\index.php(205): Engine_Application->run()
#22 E:\github\development\socialengine\index.php(24): include('E:\github\development\socialengi...')
#23 {main}

2013-01-04T14:54:48+00:00 WARN (4): [2048] Declaration of Network_Model_DbTable_Membership::isUserApprovalRequired() should be compatible with Core_Model_DbTable_Membership::isUserApprovalRequired(Core_Model_Item_Abstract $resource) (E:\github\development\socialengine\application\modules\Network\Model\DbTable\Membership.php) [37]
Error Code: c18a65
Stack trace:
#0 E:\github\development\socialengine\application\libraries\Engine\Loader.php(103): Engine_Loader::autoload()
#1 E:\github\development\socialengine\application\libraries\Engine\Loader.php(130): Engine_Loader::autoload('Network_Model_DbTable_Membership')
#2 E:\github\development\socialengine\application\libraries\Engine\Loader.php(160): Engine_Loader::loadClass('Network_Model_DbTable_Membership')
#3 E:\github\development\socialengine\application\libraries\Engine\Api.php(268): Engine_Loader->load('Network_Model_DbTable_Membership')
#4 E:\github\development\socialengine\application\libraries\Engine\Api.php(241): Engine_Api->load('network', 'dbtable', 'membership')
#5 E:\github\development\socialengine\application\modules\Activity\Plugin\Core.php(143): Engine_Api->__call('getDbtable', Array)
#6 E:\github\development\socialengine\application\modules\Activity\Plugin\Core.php(143): Engine_Api->getDbtable('membership', 'network')
#7 E:\github\development\socialengine\application\libraries\Engine\Hooks\Dispatcher.php(224): Activity_Plugin_Core->getActivity(Engine_Hooks_Event)
#8 E:\github\development\socialengine\application\modules\Activity\Model\DbTable\Actions.php(114): Engine_Hooks_Dispatcher->callEvent('getActivity', Array)
#9 E:\github\development\socialengine\application\modules\Activity\widgets\feed\Controller.php(94): Activity_Model_DbTable_Actions->getActivity(User_Model_User, Array)
#10 E:\github\development\socialengine\application\libraries\Engine\Content\Widget\Abstract.php(254): Activity_Widget_FeedController->indexAction()
#11 E:\github\development\socialengine\application\libraries\Engine\Content\Element\Widget.php(66): Engine_Content_Widget_Abstract->render()
#12 E:\github\development\socialengine\application\libraries\Engine\Content\Element\Abstract.php(583): Engine_Content_Element_Widget->_render()
#13 E:\github\development\socialengine\application\libraries\Engine\Content\Decorator\Children.php(31): Engine_Content_Element_Abstract->render()
#14 E:\github\development\socialengine\application\libraries\Engine\Content\Element\Abstract.php(594): Engine_Content_Decorator_Children->render('')
#15 E:\github\development\socialengine\application\modules\Core\controllers\WidgetController.php(90): Engine_Content_Element_Abstract->render()
#16 E:\github\development\socialengine\application\libraries\Zend\Controller\Action.php(513): Core_WidgetController->indexAction()
#17 E:\github\development\socialengine\application\libraries\Zend\Controller\Dispatcher\Standard.php(289): Zend_Controller_Action->dispatch('indexAction')
#18 E:\github\development\socialengine\application\libraries\Zend\Controller\Front.php(946): Zend_Controller_Dispatcher_Standard->dispatch(Zend_Controller_Request_Http, Zend_Controller_Response_Http)
#19 E:\github\development\socialengine\application\modules\Core\Bootstrap.php(75): Zend_Controller_Front->dispatch()
#20 E:\github\development\socialengine\application\libraries\Engine\Application.php(160): Core_Bootstrap->run()
#21 E:\github\development\socialengine\application\index.php(205): Engine_Application->run()
#22 E:\github\development\socialengine\index.php(24): include('E:\github\development\socialengi...')
#23 {main}

2013-01-04T20:17:20+00:00 WARN (4): [2048] Declaration of User_Model_DbTable_Membership::isResourceApprovalRequired() should be compatible with Core_Model_DbTable_Membership::isResourceApprovalRequired(Core_Model_Item_Abstract $resource) (E:\github\development\socialengine\application\modules\User\Model\DbTable\Membership.php) [20]
Error Code: afcf26
Stack trace:
#0 E:\github\development\socialengine\application\libraries\Engine\Loader.php(103): include_once('E:\github\development\socialengi...')
#1 E:\github\development\socialengine\application\libraries\Engine\Loader.php(130): Engine_Loader::autoload('User_Model_DbTable_Membership')
#2 E:\github\development\socialengine\application\libraries\Engine\Loader.php(160): Engine_Loader::loadClass('User_Model_DbTable_Membership')
#3 E:\github\development\socialengine\application\libraries\Engine\Api.php(268): Engine_Loader->load('User_Model_DbTable_Membership')
#4 E:\github\development\socialengine\application\libraries\Engine\Api.php(241): Engine_Api->load('user', 'dbtable', 'membership')
#5 E:\github\development\socialengine\application\modules\Core\widgets\statistics\Controller.php(36): Engine_Api->__call('getDbtable', Array)
#6 E:\github\development\socialengine\application\modules\Core\widgets\statistics\Controller.php(36): Engine_Api->getDbtable('membership', 'user')
#7 E:\github\development\socialengine\application\libraries\Engine\Content\Widget\Abstract.php(254): Core_Widget_StatisticsController->indexAction()
#8 E:\github\development\socialengine\application\libraries\Engine\Content\Element\Widget.php(66): Engine_Content_Widget_Abstract->render()
#9 E:\github\development\socialengine\application\libraries\Engine\Content\Element\Abstract.php(583): Engine_Content_Element_Widget->_render()
#10 E:\github\development\socialengine\application\libraries\Engine\Content\Decorator\Children.php(31): Engine_Content_Element_Abstract->render()
#11 E:\github\development\socialengine\application\libraries\Engine\Content\Element\Abstract.php(594): Engine_Content_Decorator_Children->render('')
#12 E:\github\development\socialengine\application\libraries\Engine\Content\Decorator\Children.php(31): Engine_Content_Element_Abstract->render()
#13 E:\github\development\socialengine\application\libraries\Engine\Content\Element\Abstract.php(594): Engine_Content_Decorator_Children->render('')
#14 E:\github\development\socialengine\application\libraries\Engine\Content\Decorator\Children.php(31): Engine_Content_Element_Abstract->render()
#15 E:\github\development\socialengine\application\libraries\Engine\Content\Element\Abstract.php(594): Engine_Content_Decorator_Children->render('')
#16 E:\github\development\socialengine\application\libraries\Engine\Content.php(207): Engine_Content_Element_Abstract->render()
#17 E:\github\development\socialengine\application\libraries\Engine\Content\Controller\Action\Helper\Content.php(136): Engine_Content->render('user_index_home')
#18 E:\github\development\socialengine\application\libraries\Engine\Content\Controller\Action\Helper\Content.php(38): Engine_Content_Controller_Action_Helper_Content->render()
#19 E:\github\development\socialengine\application\libraries\Zend\Controller\Action\HelperBroker.php(277): Engine_Content_Controller_Action_Helper_Content->postDispatch()
#20 E:\github\development\socialengine\application\libraries\Zend\Controller\Action.php(523): Zend_Controller_Action_HelperBroker->notifyPostDispatch()
#21 E:\github\development\socialengine\application\libraries\Zend\Controller\Dispatcher\Standard.php(289): Zend_Controller_Action->dispatch('homeAction')
#22 E:\github\development\socialengine\application\libraries\Zend\Controller\Front.php(946): Zend_Controller_Dispatcher_Standard->dispatch(Zend_Controller_Request_Http, Zend_Controller_Response_Http)
#23 E:\github\development\socialengine\application\modules\Core\Bootstrap.php(75): Zend_Controller_Front->dispatch()
#24 E:\github\development\socialengine\application\libraries\Engine\Application.php(160): Core_Bootstrap->run()
#25 E:\github\development\socialengine\application\index.php(205): Engine_Application->run()
#26 E:\github\development\socialengine\index.php(24): include('E:\github\development\socialengi...')
#27 {main}

2013-01-04T20:17:20+00:00 WARN (4): [2048] Declaration of User_Model_DbTable_Membership::isUserApprovalRequired() should be compatible with Core_Model_DbTable_Membership::isUserApprovalRequired(Core_Model_Item_Abstract $resource) (E:\github\development\socialengine\application\modules\User\Model\DbTable\Membership.php) [20]
Error Code: 6b99e2
Stack trace:
#0 E:\github\development\socialengine\application\libraries\Engine\Loader.php(103): include_once('E:\github\development\socialengi...')
#1 E:\github\development\socialengine\application\libraries\Engine\Loader.php(130): Engine_Loader::autoload('User_Model_DbTable_Membership')
#2 E:\github\development\socialengine\application\libraries\Engine\Loader.php(160): Engine_Loader::loadClass('User_Model_DbTable_Membership')
#3 E:\github\development\socialengine\application\libraries\Engine\Api.php(268): Engine_Loader->load('User_Model_DbTable_Membership')
#4 E:\github\development\socialengine\application\libraries\Engine\Api.php(241): Engine_Api->load('user', 'dbtable', 'membership')
#5 E:\github\development\socialengine\application\modules\Core\widgets\statistics\Controller.php(36): Engine_Api->__call('getDbtable', Array)
#6 E:\github\development\socialengine\application\modules\Core\widgets\statistics\Controller.php(36): Engine_Api->getDbtable('membership', 'user')
#7 E:\github\development\socialengine\application\libraries\Engine\Content\Widget\Abstract.php(254): Core_Widget_StatisticsController->indexAction()
#8 E:\github\development\socialengine\application\libraries\Engine\Content\Element\Widget.php(66): Engine_Content_Widget_Abstract->render()
#9 E:\github\development\socialengine\application\libraries\Engine\Content\Element\Abstract.php(583): Engine_Content_Element_Widget->_render()
#10 E:\github\development\socialengine\application\libraries\Engine\Content\Decorator\Children.php(31): Engine_Content_Element_Abstract->render()
#11 E:\github\development\socialengine\application\libraries\Engine\Content\Element\Abstract.php(594): Engine_Content_Decorator_Children->render('')
#12 E:\github\development\socialengine\application\libraries\Engine\Content\Decorator\Children.php(31): Engine_Content_Element_Abstract->render()
#13 E:\github\development\socialengine\application\libraries\Engine\Content\Element\Abstract.php(594): Engine_Content_Decorator_Children->render('')
#14 E:\github\development\socialengine\application\libraries\Engine\Content\Decorator\Children.php(31): Engine_Content_Element_Abstract->render()
#15 E:\github\development\socialengine\application\libraries\Engine\Content\Element\Abstract.php(594): Engine_Content_Decorator_Children->render('')
#16 E:\github\development\socialengine\application\libraries\Engine\Content.php(207): Engine_Content_Element_Abstract->render()
#17 E:\github\development\socialengine\application\libraries\Engine\Content\Controller\Action\Helper\Content.php(136): Engine_Content->render('user_index_home')
#18 E:\github\development\socialengine\application\libraries\Engine\Content\Controller\Action\Helper\Content.php(38): Engine_Content_Controller_Action_Helper_Content->render()
#19 E:\github\development\socialengine\application\libraries\Zend\Controller\Action\HelperBroker.php(277): Engine_Content_Controller_Action_Helper_Content->postDispatch()
#20 E:\github\development\socialengine\application\libraries\Zend\Controller\Action.php(523): Zend_Controller_Action_HelperBroker->notifyPostDispatch()
#21 E:\github\development\socialengine\application\libraries\Zend\Controller\Dispatcher\Standard.php(289): Zend_Controller_Action->dispatch('homeAction')
#22 E:\github\development\socialengine\application\libraries\Zend\Controller\Front.php(946): Zend_Controller_Dispatcher_Standard->dispatch(Zend_Controller_Request_Http, Zend_Controller_Response_Http)
#23 E:\github\development\socialengine\application\modules\Core\Bootstrap.php(75): Zend_Controller_Front->dispatch()
#24 E:\github\development\socialengine\application\libraries\Engine\Application.php(160): Core_Bootstrap->run()
#25 E:\github\development\socialengine\application\index.php(205): Engine_Application->run()
#26 E:\github\development\socialengine\index.php(24): include('E:\github\development\socialengi...')
#27 {main}

2013-01-04T20:17:20+00:00 WARN (4): [2048] Declaration of Network_Model_DbTable_Membership::isResourceApprovalRequired() should be compatible with Core_Model_DbTable_Membership::isResourceApprovalRequired(Core_Model_Item_Abstract $resource) (E:\github\development\socialengine\application\modules\Network\Model\DbTable\Membership.php) [37]
Error Code: a57b29
Stack trace:
#0 E:\github\development\socialengine\application\libraries\Engine\Loader.php(103): Engine_Loader::autoload()
#1 E:\github\development\socialengine\application\libraries\Engine\Loader.php(130): Engine_Loader::autoload('Network_Model_DbTable_Membership')
#2 E:\github\development\socialengine\application\libraries\Engine\Loader.php(160): Engine_Loader::loadClass('Network_Model_DbTable_Membership')
#3 E:\github\development\socialengine\application\libraries\Engine\Api.php(268): Engine_Loader->load('Network_Model_DbTable_Membership')
#4 E:\github\development\socialengine\application\libraries\Engine\Api.php(241): Engine_Api->load('network', 'dbtable', 'membership')
#5 E:\github\development\socialengine\application\modules\Activity\Plugin\Core.php(143): Engine_Api->__call('getDbtable', Array)
#6 E:\github\development\socialengine\application\modules\Activity\Plugin\Core.php(143): Engine_Api->getDbtable('membership', 'network')
#7 E:\github\development\socialengine\application\libraries\Engine\Hooks\Dispatcher.php(224): Activity_Plugin_Core->getActivity(Engine_Hooks_Event)
#8 E:\github\development\socialengine\application\modules\Activity\Model\DbTable\Actions.php(114): Engine_Hooks_Dispatcher->callEvent('getActivity', Array)
#9 E:\github\development\socialengine\application\modules\Activity\widgets\feed\Controller.php(94): Activity_Model_DbTable_Actions->getActivity(User_Model_User, Array)
#10 E:\github\development\socialengine\application\libraries\Engine\Content\Widget\Abstract.php(254): Activity_Widget_FeedController->indexAction()
#11 E:\github\development\socialengine\application\libraries\Engine\Content\Element\Widget.php(66): Engine_Content_Widget_Abstract->render()
#12 E:\github\development\socialengine\application\libraries\Engine\Content\Element\Abstract.php(583): Engine_Content_Element_Widget->_render()
#13 E:\github\development\socialengine\application\libraries\Engine\Content\Decorator\Children.php(31): Engine_Content_Element_Abstract->render()
#14 E:\github\development\socialengine\application\libraries\Engine\Content\Element\Abstract.php(594): Engine_Content_Decorator_Children->render('')
#15 E:\github\development\socialengine\application\libraries\Engine\Content\Decorator\Children.php(31): Engine_Content_Element_Abstract->render()
#16 E:\github\development\socialengine\application\libraries\Engine\Content\Element\Abstract.php(594): Engine_Content_Decorator_Children->render('')
#17 E:\github\development\socialengine\application\libraries\Engine\Content\Decorator\Children.php(31): Engine_Content_Element_Abstract->render()
#18 E:\github\development\socialengine\application\libraries\Engine\Content\Element\Abstract.php(594): Engine_Content_Decorator_Children->render('')
#19 E:\github\development\socialengine\application\libraries\Engine\Content.php(207): Engine_Content_Element_Abstract->render()
#20 E:\github\development\socialengine\application\libraries\Engine\Content\Controller\Action\Helper\Content.php(136): Engine_Content->render('user_index_home')
#21 E:\github\development\socialengine\application\libraries\Engine\Content\Controller\Action\Helper\Content.php(38): Engine_Content_Controller_Action_Helper_Content->render()
#22 E:\github\development\socialengine\application\libraries\Zend\Controller\Action\HelperBroker.php(277): Engine_Content_Controller_Action_Helper_Content->postDispatch()
#23 E:\github\development\socialengine\application\libraries\Zend\Controller\Action.php(523): Zend_Controller_Action_HelperBroker->notifyPostDispatch()
#24 E:\github\development\socialengine\application\libraries\Zend\Controller\Dispatcher\Standard.php(289): Zend_Controller_Action->dispatch('homeAction')
#25 E:\github\development\socialengine\application\libraries\Zend\Controller\Front.php(946): Zend_Controller_Dispatcher_Standard->dispatch(Zend_Controller_Request_Http, Zend_Controller_Response_Http)
#26 E:\github\development\socialengine\application\modules\Core\Bootstrap.php(75): Zend_Controller_Front->dispatch()
#27 E:\github\development\socialengine\application\libraries\Engine\Application.php(160): Core_Bootstrap->run()
#28 E:\github\development\socialengine\application\index.php(205): Engine_Application->run()
#29 E:\github\development\socialengine\index.php(24): include('E:\github\development\socialengi...')
#30 {main}

2013-01-04T20:17:20+00:00 WARN (4): [2048] Declaration of Network_Model_DbTable_Membership::isUserApprovalRequired() should be compatible with Core_Model_DbTable_Membership::isUserApprovalRequired(Core_Model_Item_Abstract $resource) (E:\github\development\socialengine\application\modules\Network\Model\DbTable\Membership.php) [37]
Error Code: fc439a
Stack trace:
#0 E:\github\development\socialengine\application\libraries\Engine\Loader.php(103): Engine_Loader::autoload()
#1 E:\github\development\socialengine\application\libraries\Engine\Loader.php(130): Engine_Loader::autoload('Network_Model_DbTable_Membership')
#2 E:\github\development\socialengine\application\libraries\Engine\Loader.php(160): Engine_Loader::loadClass('Network_Model_DbTable_Membership')
#3 E:\github\development\socialengine\application\libraries\Engine\Api.php(268): Engine_Loader->load('Network_Model_DbTable_Membership')
#4 E:\github\development\socialengine\application\libraries\Engine\Api.php(241): Engine_Api->load('network', 'dbtable', 'membership')
#5 E:\github\development\socialengine\application\modules\Activity\Plugin\Core.php(143): Engine_Api->__call('getDbtable', Array)
#6 E:\github\development\socialengine\application\modules\Activity\Plugin\Core.php(143): Engine_Api->getDbtable('membership', 'network')
#7 E:\github\development\socialengine\application\libraries\Engine\Hooks\Dispatcher.php(224): Activity_Plugin_Core->getActivity(Engine_Hooks_Event)
#8 E:\github\development\socialengine\application\modules\Activity\Model\DbTable\Actions.php(114): Engine_Hooks_Dispatcher->callEvent('getActivity', Array)
#9 E:\github\development\socialengine\application\modules\Activity\widgets\feed\Controller.php(94): Activity_Model_DbTable_Actions->getActivity(User_Model_User, Array)
#10 E:\github\development\socialengine\application\libraries\Engine\Content\Widget\Abstract.php(254): Activity_Widget_FeedController->indexAction()
#11 E:\github\development\socialengine\application\libraries\Engine\Content\Element\Widget.php(66): Engine_Content_Widget_Abstract->render()
#12 E:\github\development\socialengine\application\libraries\Engine\Content\Element\Abstract.php(583): Engine_Content_Element_Widget->_render()
#13 E:\github\development\socialengine\application\libraries\Engine\Content\Decorator\Children.php(31): Engine_Content_Element_Abstract->render()
#14 E:\github\development\socialengine\application\libraries\Engine\Content\Element\Abstract.php(594): Engine_Content_Decorator_Children->render('')
#15 E:\github\development\socialengine\application\libraries\Engine\Content\Decorator\Children.php(31): Engine_Content_Element_Abstract->render()
#16 E:\github\development\socialengine\application\libraries\Engine\Content\Element\Abstract.php(594): Engine_Content_Decorator_Children->render('')
#17 E:\github\development\socialengine\application\libraries\Engine\Content\Decorator\Children.php(31): Engine_Content_Element_Abstract->render()
#18 E:\github\development\socialengine\application\libraries\Engine\Content\Element\Abstract.php(594): Engine_Content_Decorator_Children->render('')
#19 E:\github\development\socialengine\application\libraries\Engine\Content.php(207): Engine_Content_Element_Abstract->render()
#20 E:\github\development\socialengine\application\libraries\Engine\Content\Controller\Action\Helper\Content.php(136): Engine_Content->render('user_index_home')
#21 E:\github\development\socialengine\application\libraries\Engine\Content\Controller\Action\Helper\Content.php(38): Engine_Content_Controller_Action_Helper_Content->render()
#22 E:\github\development\socialengine\application\libraries\Zend\Controller\Action\HelperBroker.php(277): Engine_Content_Controller_Action_Helper_Content->postDispatch()
#23 E:\github\development\socialengine\application\libraries\Zend\Controller\Action.php(523): Zend_Controller_Action_HelperBroker->notifyPostDispatch()
#24 E:\github\development\socialengine\application\libraries\Zend\Controller\Dispatcher\Standard.php(289): Zend_Controller_Action->dispatch('homeAction')
#25 E:\github\development\socialengine\application\libraries\Zend\Controller\Front.php(946): Zend_Controller_Dispatcher_Standard->dispatch(Zend_Controller_Request_Http, Zend_Controller_Response_Http)
#26 E:\github\development\socialengine\application\modules\Core\Bootstrap.php(75): Zend_Controller_Front->dispatch()
#27 E:\github\development\socialengine\application\libraries\Engine\Application.php(160): Core_Bootstrap->run()
#28 E:\github\development\socialengine\application\index.php(205): Engine_Application->run()
#29 E:\github\development\socialengine\index.php(24): include('E:\github\development\socialengi...')
#30 {main}

2013-01-04T20:17:27+00:00 WARN (4): [2048] Declaration of User_Model_DbTable_Membership::isResourceApprovalRequired() should be compatible with Core_Model_DbTable_Membership::isResourceApprovalRequired(Core_Model_Item_Abstract $resource) (E:\github\development\socialengine\application\modules\User\Model\DbTable\Membership.php) [20]
Error Code: eb8b70
Stack trace:
#0 E:\github\development\socialengine\application\libraries\Engine\Loader.php(103): include_once('E:\github\development\socialengi...')
#1 E:\github\development\socialengine\application\libraries\Engine\Loader.php(130): Engine_Loader::autoload('User_Model_DbTable_Membership')
#2 E:\github\development\socialengine\application\libraries\Engine\Loader.php(160): Engine_Loader::loadClass('User_Model_DbTable_Membership')
#3 E:\github\development\socialengine\application\libraries\Engine\Api.php(268): Engine_Loader->load('User_Model_DbTable_Membership')
#4 E:\github\development\socialengine\application\libraries\Engine\Api.php(241): Engine_Api->load('user', 'dbtable', 'membership')
#5 E:\github\development\socialengine\application\modules\User\Model\User.php(548): Engine_Api->__call('getDbtable', Array)
#6 E:\github\development\socialengine\application\modules\User\Model\User.php(548): Engine_Api->getDbtable('membership', 'user')
#7 E:\github\development\socialengine\application\modules\Activity\Plugin\Core.php(130): User_Model_User->membership()
#8 E:\github\development\socialengine\application\libraries\Engine\Hooks\Dispatcher.php(224): Activity_Plugin_Core->getActivity(Engine_Hooks_Event)
#9 E:\github\development\socialengine\application\modules\Activity\Model\DbTable\Actions.php(114): Engine_Hooks_Dispatcher->callEvent('getActivity', Array)
#10 E:\github\development\socialengine\application\modules\Activity\widgets\feed\Controller.php(94): Activity_Model_DbTable_Actions->getActivity(User_Model_User, Array)
#11 E:\github\development\socialengine\application\libraries\Engine\Content\Widget\Abstract.php(254): Activity_Widget_FeedController->indexAction()
#12 E:\github\development\socialengine\application\libraries\Engine\Content\Element\Widget.php(66): Engine_Content_Widget_Abstract->render()
#13 E:\github\development\socialengine\application\libraries\Engine\Content\Element\Abstract.php(583): Engine_Content_Element_Widget->_render()
#14 E:\github\development\socialengine\application\libraries\Engine\Content\Decorator\Children.php(31): Engine_Content_Element_Abstract->render()
#15 E:\github\development\socialengine\application\libraries\Engine\Content\Element\Abstract.php(594): Engine_Content_Decorator_Children->render('')
#16 E:\github\development\socialengine\application\modules\Core\controllers\WidgetController.php(90): Engine_Content_Element_Abstract->render()
#17 E:\github\development\socialengine\application\libraries\Zend\Controller\Action.php(513): Core_WidgetController->indexAction()
#18 E:\github\development\socialengine\application\libraries\Zend\Controller\Dispatcher\Standard.php(289): Zend_Controller_Action->dispatch('indexAction')
#19 E:\github\development\socialengine\application\libraries\Zend\Controller\Front.php(946): Zend_Controller_Dispatcher_Standard->dispatch(Zend_Controller_Request_Http, Zend_Controller_Response_Http)
#20 E:\github\development\socialengine\application\modules\Core\Bootstrap.php(75): Zend_Controller_Front->dispatch()
#21 E:\github\development\socialengine\application\libraries\Engine\Application.php(160): Core_Bootstrap->run()
#22 E:\github\development\socialengine\application\index.php(205): Engine_Application->run()
#23 E:\github\development\socialengine\index.php(24): include('E:\github\development\socialengi...')
#24 {main}

2013-01-04T20:17:27+00:00 WARN (4): [2048] Declaration of User_Model_DbTable_Membership::isUserApprovalRequired() should be compatible with Core_Model_DbTable_Membership::isUserApprovalRequired(Core_Model_Item_Abstract $resource) (E:\github\development\socialengine\application\modules\User\Model\DbTable\Membership.php) [20]
Error Code: ff5e9b
Stack trace:
#0 E:\github\development\socialengine\application\libraries\Engine\Loader.php(103): include_once('E:\github\development\socialengi...')
#1 E:\github\development\socialengine\application\libraries\Engine\Loader.php(130): Engine_Loader::autoload('User_Model_DbTable_Membership')
#2 E:\github\development\socialengine\application\libraries\Engine\Loader.php(160): Engine_Loader::loadClass('User_Model_DbTable_Membership')
#3 E:\github\development\socialengine\application\libraries\Engine\Api.php(268): Engine_Loader->load('User_Model_DbTable_Membership')
#4 E:\github\development\socialengine\application\libraries\Engine\Api.php(241): Engine_Api->load('user', 'dbtable', 'membership')
#5 E:\github\development\socialengine\application\modules\User\Model\User.php(548): Engine_Api->__call('getDbtable', Array)
#6 E:\github\development\socialengine\application\modules\User\Model\User.php(548): Engine_Api->getDbtable('membership', 'user')
#7 E:\github\development\socialengine\application\modules\Activity\Plugin\Core.php(130): User_Model_User->membership()
#8 E:\github\development\socialengine\application\libraries\Engine\Hooks\Dispatcher.php(224): Activity_Plugin_Core->getActivity(Engine_Hooks_Event)
#9 E:\github\development\socialengine\application\modules\Activity\Model\DbTable\Actions.php(114): Engine_Hooks_Dispatcher->callEvent('getActivity', Array)
#10 E:\github\development\socialengine\application\modules\Activity\widgets\feed\Controller.php(94): Activity_Model_DbTable_Actions->getActivity(User_Model_User, Array)
#11 E:\github\development\socialengine\application\libraries\Engine\Content\Widget\Abstract.php(254): Activity_Widget_FeedController->indexAction()
#12 E:\github\development\socialengine\application\libraries\Engine\Content\Element\Widget.php(66): Engine_Content_Widget_Abstract->render()
#13 E:\github\development\socialengine\application\libraries\Engine\Content\Element\Abstract.php(583): Engine_Content_Element_Widget->_render()
#14 E:\github\development\socialengine\application\libraries\Engine\Content\Decorator\Children.php(31): Engine_Content_Element_Abstract->render()
#15 E:\github\development\socialengine\application\libraries\Engine\Content\Element\Abstract.php(594): Engine_Content_Decorator_Children->render('')
#16 E:\github\development\socialengine\application\modules\Core\controllers\WidgetController.php(90): Engine_Content_Element_Abstract->render()
#17 E:\github\development\socialengine\application\libraries\Zend\Controller\Action.php(513): Core_WidgetController->indexAction()
#18 E:\github\development\socialengine\application\libraries\Zend\Controller\Dispatcher\Standard.php(289): Zend_Controller_Action->dispatch('indexAction')
#19 E:\github\development\socialengine\application\libraries\Zend\Controller\Front.php(946): Zend_Controller_Dispatcher_Standard->dispatch(Zend_Controller_Request_Http, Zend_Controller_Response_Http)
#20 E:\github\development\socialengine\application\modules\Core\Bootstrap.php(75): Zend_Controller_Front->dispatch()
#21 E:\github\development\socialengine\application\libraries\Engine\Application.php(160): Core_Bootstrap->run()
#22 E:\github\development\socialengine\application\index.php(205): Engine_Application->run()
#23 E:\github\development\socialengine\index.php(24): include('E:\github\development\socialengi...')
#24 {main}

2013-01-04T20:17:27+00:00 WARN (4): [2048] Declaration of Network_Model_DbTable_Membership::isResourceApprovalRequired() should be compatible with Core_Model_DbTable_Membership::isResourceApprovalRequired(Core_Model_Item_Abstract $resource) (E:\github\development\socialengine\application\modules\Network\Model\DbTable\Membership.php) [37]
Error Code: 021e2b
Stack trace:
#0 E:\github\development\socialengine\application\libraries\Engine\Loader.php(103): Engine_Loader::autoload()
#1 E:\github\development\socialengine\application\libraries\Engine\Loader.php(130): Engine_Loader::autoload('Network_Model_DbTable_Membership')
#2 E:\github\development\socialengine\application\libraries\Engine\Loader.php(160): Engine_Loader::loadClass('Network_Model_DbTable_Membership')
#3 E:\github\development\socialengine\application\libraries\Engine\Api.php(268): Engine_Loader->load('Network_Model_DbTable_Membership')
#4 E:\github\development\socialengine\application\libraries\Engine\Api.php(241): Engine_Api->load('network', 'dbtable', 'membership')
#5 E:\github\development\socialengine\application\modules\Activity\Plugin\Core.php(143): Engine_Api->__call('getDbtable', Array)
#6 E:\github\development\socialengine\application\modules\Activity\Plugin\Core.php(143): Engine_Api->getDbtable('membership', 'network')
#7 E:\github\development\socialengine\application\libraries\Engine\Hooks\Dispatcher.php(224): Activity_Plugin_Core->getActivity(Engine_Hooks_Event)
#8 E:\github\development\socialengine\application\modules\Activity\Model\DbTable\Actions.php(114): Engine_Hooks_Dispatcher->callEvent('getActivity', Array)
#9 E:\github\development\socialengine\application\modules\Activity\widgets\feed\Controller.php(94): Activity_Model_DbTable_Actions->getActivity(User_Model_User, Array)
#10 E:\github\development\socialengine\application\libraries\Engine\Content\Widget\Abstract.php(254): Activity_Widget_FeedController->indexAction()
#11 E:\github\development\socialengine\application\libraries\Engine\Content\Element\Widget.php(66): Engine_Content_Widget_Abstract->render()
#12 E:\github\development\socialengine\application\libraries\Engine\Content\Element\Abstract.php(583): Engine_Content_Element_Widget->_render()
#13 E:\github\development\socialengine\application\libraries\Engine\Content\Decorator\Children.php(31): Engine_Content_Element_Abstract->render()
#14 E:\github\development\socialengine\application\libraries\Engine\Content\Element\Abstract.php(594): Engine_Content_Decorator_Children->render('')
#15 E:\github\development\socialengine\application\modules\Core\controllers\WidgetController.php(90): Engine_Content_Element_Abstract->render()
#16 E:\github\development\socialengine\application\libraries\Zend\Controller\Action.php(513): Core_WidgetController->indexAction()
#17 E:\github\development\socialengine\application\libraries\Zend\Controller\Dispatcher\Standard.php(289): Zend_Controller_Action->dispatch('indexAction')
#18 E:\github\development\socialengine\application\libraries\Zend\Controller\Front.php(946): Zend_Controller_Dispatcher_Standard->dispatch(Zend_Controller_Request_Http, Zend_Controller_Response_Http)
#19 E:\github\development\socialengine\application\modules\Core\Bootstrap.php(75): Zend_Controller_Front->dispatch()
#20 E:\github\development\socialengine\application\libraries\Engine\Application.php(160): Core_Bootstrap->run()
#21 E:\github\development\socialengine\application\index.php(205): Engine_Application->run()
#22 E:\github\development\socialengine\index.php(24): include('E:\github\development\socialengi...')
#23 {main}

2013-01-04T20:17:27+00:00 WARN (4): [2048] Declaration of Network_Model_DbTable_Membership::isUserApprovalRequired() should be compatible with Core_Model_DbTable_Membership::isUserApprovalRequired(Core_Model_Item_Abstract $resource) (E:\github\development\socialengine\application\modules\Network\Model\DbTable\Membership.php) [37]
Error Code: 1398a7
Stack trace:
#0 E:\github\development\socialengine\application\libraries\Engine\Loader.php(103): Engine_Loader::autoload()
#1 E:\github\development\socialengine\application\libraries\Engine\Loader.php(130): Engine_Loader::autoload('Network_Model_DbTable_Membership')
#2 E:\github\development\socialengine\application\libraries\Engine\Loader.php(160): Engine_Loader::loadClass('Network_Model_DbTable_Membership')
#3 E:\github\development\socialengine\application\libraries\Engine\Api.php(268): Engine_Loader->load('Network_Model_DbTable_Membership')
#4 E:\github\development\socialengine\application\libraries\Engine\Api.php(241): Engine_Api->load('network', 'dbtable', 'membership')
#5 E:\github\development\socialengine\application\modules\Activity\Plugin\Core.php(143): Engine_Api->__call('getDbtable', Array)
#6 E:\github\development\socialengine\application\modules\Activity\Plugin\Core.php(143): Engine_Api->getDbtable('membership', 'network')
#7 E:\github\development\socialengine\application\libraries\Engine\Hooks\Dispatcher.php(224): Activity_Plugin_Core->getActivity(Engine_Hooks_Event)
#8 E:\github\development\socialengine\application\modules\Activity\Model\DbTable\Actions.php(114): Engine_Hooks_Dispatcher->callEvent('getActivity', Array)
#9 E:\github\development\socialengine\application\modules\Activity\widgets\feed\Controller.php(94): Activity_Model_DbTable_Actions->getActivity(User_Model_User, Array)
#10 E:\github\development\socialengine\application\libraries\Engine\Content\Widget\Abstract.php(254): Activity_Widget_FeedController->indexAction()
#11 E:\github\development\socialengine\application\libraries\Engine\Content\Element\Widget.php(66): Engine_Content_Widget_Abstract->render()
#12 E:\github\development\socialengine\application\libraries\Engine\Content\Element\Abstract.php(583): Engine_Content_Element_Widget->_render()
#13 E:\github\development\socialengine\application\libraries\Engine\Content\Decorator\Children.php(31): Engine_Content_Element_Abstract->render()
#14 E:\github\development\socialengine\application\libraries\Engine\Content\Element\Abstract.php(594): Engine_Content_Decorator_Children->render('')
#15 E:\github\development\socialengine\application\modules\Core\controllers\WidgetController.php(90): Engine_Content_Element_Abstract->render()
#16 E:\github\development\socialengine\application\libraries\Zend\Controller\Action.php(513): Core_WidgetController->indexAction()
#17 E:\github\development\socialengine\application\libraries\Zend\Controller\Dispatcher\Standard.php(289): Zend_Controller_Action->dispatch('indexAction')
#18 E:\github\development\socialengine\application\libraries\Zend\Controller\Front.php(946): Zend_Controller_Dispatcher_Standard->dispatch(Zend_Controller_Request_Http, Zend_Controller_Response_Http)
#19 E:\github\development\socialengine\application\modules\Core\Bootstrap.php(75): Zend_Controller_Front->dispatch()
#20 E:\github\development\socialengine\application\libraries\Engine\Application.php(160): Core_Bootstrap->run()
#21 E:\github\development\socialengine\application\index.php(205): Engine_Application->run()
#22 E:\github\development\socialengine\index.php(24): include('E:\github\development\socialengi...')
#23 {main}

