2012-11-19T04:02:34+00:00 INFO (6): ExpressCheckoutDetail: Array
(
    [BILLINGAGREEMENTACCEPTEDSTATUS] => 1
    [TIMESTAMP] => 2012-11-19T04:07:40Z
    [CORRELATIONID] => ad19a03bcaeb5
    [ACK] => Success
    [VERSION] => 65.0
    [BUILD] => 4181146
    [SHIPTONAME] => duc lebuyer
    [SHIPTOSTREET] => 1 Main St
    [SHIPTOCITY] => San Jose
    [SHIPTOSTATE] => CA
    [SHIPTOZIP] => 95131
    [SHIPTOCOUNTRYCODE] => US
    [SHIPTOCOUNTRYNAME] => United States
    [ADDRESSSTATUS] => Confirmed
    [CURRENCYCODE] => USD
    [AMT] => 0.00
    [SHIPPINGAMT] => 0.00
    [HANDLINGAMT] => 0.00
    [TAXAMT] => 0.00
    [NOTIFYURL] => http://socialengine.local/payment/ipn?order_id=7
    [INSURANCEAMT] => 0.00
    [SHIPDISCAMT] => 0.00
    [PAYMENTREQUEST] => Array
        (
            [0] => Array
                (
                    [SHIPTONAME] => duc lebuyer
                    [SHIPTOSTREET] => 1 Main St
                    [SHIPTOCITY] => San Jose
                    [SHIPTOSTATE] => CA
                    [SHIPTOZIP] => 95131
                    [SHIPTOCOUNTRYCODE] => US
                    [SHIPTOCOUNTRYNAME] => United States
                    [ADDRESSSTATUS] => Confirmed
                    [AMT] => 0.00
                    [CURRENCYCODE] => USD
                    [SHIPPINGAMT] => 0.00
                    [INSURANCEAMT] => 0.00
                    [SHIPDISCAMT] => 0.00
                    [INSURANCEOPTIONOFFERED] => false
                    [HANDLINGAMT] => 0.00
                    [TAXAMT] => 0.00
                    [INVNUM] => 7
                    [NOTIFYURL] => http://socialengine.local/payment/ipn?order_id=7
                )

        )

    [PAYMENTREQUESTINFO] => Array
        (
            [0] => Array
                (
                    [ERRORCODE] => 0
                )

        )

)

2012-11-19T04:02:39+00:00 INFO (6): CreateRecurringPaymentsProfile: Array
(
    [PROFILEID] => I-HUADC8B5NEDX
    [PROFILESTATUS] => ActiveProfile
    [TIMESTAMP] => 2012-11-19T04:07:45Z
    [CORRELATIONID] => ae8c9c9c92702
    [ACK] => Success
    [VERSION] => 65.0
    [BUILD] => 4181146
)

