---------- Date: 2012-11-26 11:12:19 ~ IP : 127.0.0.1 ----------
REQUEST URI : /development/opencart/mp3-players
MOD DETAILS:
   modFile   : D:\localhost\development\opencart\vqmod\xml\catalog_common_seo_url.xml
   id        : catalog_common_seo_url
   version   : 1.0
   vqmver    : 1.0
   author    : le hoang duc
SEARCH NOT FOUND (ABORTING MOD): foreach ($data as $key => $value) {
                if (isset($data['route'])) {]
----------------------------------------------------------------------


---------- Date: 2012-11-26 11:12:31 ~ IP : 127.0.0.1 ----------
REQUEST URI : /development/opencart/mp3-players
MOD DETAILS:
   modFile   : D:\localhost\development\opencart\vqmod\xml\catalog_common_seo_url.xml
   id        : catalog_common_seo_url
   version   : 1.0
   vqmver    : 1.0
   author    : le hoang duc
SEARCH NOT FOUND (ABORTING MOD): foreach ($data as $key => $value) {
                if (isset($data['route'])) {]
----------------------------------------------------------------------


---------- Date: 2012-11-26 11:12:56 ~ IP : 127.0.0.1 ----------
REQUEST URI : /development/opencart/desktops/mac
MOD DETAILS:
   modFile   : D:\localhost\development\opencart\vqmod\xml\catalog_common_seo_url.xml
   id        : catalog_common_seo_url
   version   : 1.0
   vqmver    : 1.0
   author    : le hoang duc
SEARCH NOT FOUND (ABORTING MOD): foreach ($data as $key => $value) {
                if (isset($data['route'])) {]
----------------------------------------------------------------------


---------- Date: 2012-11-26 11:14:11 ~ IP : 127.0.0.1 ----------
REQUEST URI : /development/opencart/desktops
MOD DETAILS:
   modFile   : D:\localhost\development\opencart\vqmod\xml\catalog_common_seo_url.xml
   id        : catalog_common_seo_url
   version   : 1.0
   vqmver    : 1.0
   author    : le hoang duc
SEARCH NOT FOUND (ABORTING MOD): foreach ($data as $key => $value) {
                if (isset($data['route'])) {]
----------------------------------------------------------------------


---------- Date: 2012-11-26 11:14:12 ~ IP : 127.0.0.1 ----------
REQUEST URI : /development/opencart/desktops/pc
MOD DETAILS:
   modFile   : D:\localhost\development\opencart\vqmod\xml\catalog_common_seo_url.xml
   id        : catalog_common_seo_url
   version   : 1.0
   vqmver    : 1.0
   author    : le hoang duc
SEARCH NOT FOUND (ABORTING MOD): foreach ($data as $key => $value) {
                if (isset($data['route'])) {]
----------------------------------------------------------------------


---------- Date: 2012-11-26 11:14:36 ~ IP : 127.0.0.1 ----------
REQUEST URI : /development/opencart/index.php?route=product/category&amp;path=57
MOD DETAILS:
   modFile   : D:\localhost\development\opencart\vqmod\xml\catalog_common_seo_url.xml
   id        : catalog_common_seo_url
   version   : 1.0
   vqmver    : 1.0
   author    : le hoang duc
SEARCH NOT FOUND (ABORTING MOD): foreach ($data as $key => $value) {
                if (isset($data['route'])) {]
----------------------------------------------------------------------


---------- Date: 2012-11-26 11:15:59 ~ IP : 127.0.0.1 ----------
REQUEST URI : /development/opencart/index.php?route=product/category&amp;path=25_30
MOD DETAILS:
   modFile   : D:\localhost\development\opencart\vqmod\xml\catalog_common_seo_url.xml
   id        : catalog_common_seo_url
   version   : 1.0
   vqmver    : 1.0
   author    : le hoang duc
SEARCH NOT FOUND (ABORTING MOD): foreach ($data as $key => $value) {
                if (isset($data['route'])) {]
----------------------------------------------------------------------


---------- Date: 2012-11-26 11:16:03 ~ IP : 127.0.0.1 ----------
REQUEST URI : /development/opencart/index.php?route=product/category&amp;path=33
MOD DETAILS:
   modFile   : D:\localhost\development\opencart\vqmod\xml\catalog_common_seo_url.xml
   id        : catalog_common_seo_url
   version   : 1.0
   vqmver    : 1.0
   author    : le hoang duc
SEARCH NOT FOUND (ABORTING MOD): foreach ($data as $key => $value) {
                if (isset($data['route'])) {]
----------------------------------------------------------------------


---------- Date: 2012-11-26 11:16:15 ~ IP : 127.0.0.1 ----------
REQUEST URI : /development/opencart/mp3-players
MOD DETAILS:
   modFile   : D:\localhost\development\opencart\vqmod\xml\catalog_common_seo_url.xml
   id        : catalog_common_seo_url
   version   : 1.0
   vqmver    : 1.0
   author    : le hoang duc
SEARCH NOT FOUND (ABORTING MOD): foreach ($data as $key => $value) {
                if (isset($data['route'])) {]
----------------------------------------------------------------------


---------- Date: 2012-11-26 11:16:35 ~ IP : 127.0.0.1 ----------
REQUEST URI : /development/opencart/mp3-players
MOD DETAILS:
   modFile   : D:\localhost\development\opencart\vqmod\xml\catalog_common_seo_url.xml
   id        : catalog_common_seo_url
   version   : 1.0
   vqmver    : 1.0
   author    : le hoang duc
SEARCH NOT FOUND (ABORTING MOD): foreach ($data as $key => $value) {
                if (isset($data['route'])) {]
----------------------------------------------------------------------


---------- Date: 2012-11-26 11:16:36 ~ IP : 127.0.0.1 ----------
REQUEST URI : /development/opencart/mp3-players
MOD DETAILS:
   modFile   : D:\localhost\development\opencart\vqmod\xml\catalog_common_seo_url.xml
   id        : catalog_common_seo_url
   version   : 1.0
   vqmver    : 1.0
   author    : le hoang duc
SEARCH NOT FOUND (ABORTING MOD): foreach ($data as $key => $value) {
                if (isset($data['route'])) {]
----------------------------------------------------------------------


---------- Date: 2012-11-26 11:17:36 ~ IP : 127.0.0.1 ----------
REQUEST URI : /development/opencart/mp3-players
MOD DETAILS:
   modFile   : D:\localhost\development\opencart\vqmod\xml\catalog_common_seo_url.xml
   id        : catalog_common_seo_url
   version   : 1.0
   vqmver    : 1.0
   author    : le hoang duc
SEARCH NOT FOUND (ABORTING MOD): foreach ($data as $key => $value) {
                if (isset($data['route'])) {]
----------------------------------------------------------------------


---------- Date: 2012-11-26 11:18:09 ~ IP : 127.0.0.1 ----------
REQUEST URI : /development/opencart/mp3-players
MOD DETAILS:
   modFile   : D:\localhost\development\opencart\vqmod\xml\catalog_common_seo_url.xml
   id        : catalog_common_seo_url
   version   : 1.0
   vqmver    : 1.0
   author    : le hoang duc
SEARCH NOT FOUND (ABORTING MOD): foreach ($data as $key => $value) {
                if (isset($data['route'])) {]
----------------------------------------------------------------------


---------- Date: 2012-11-26 11:18:13 ~ IP : 127.0.0.1 ----------
REQUEST URI : /development/opencart/index.php?route=product/category&amp;path=24
MOD DETAILS:
   modFile   : D:\localhost\development\opencart\vqmod\xml\catalog_common_seo_url.xml
   id        : catalog_common_seo_url
   version   : 1.0
   vqmver    : 1.0
   author    : le hoang duc
SEARCH NOT FOUND (ABORTING MOD): foreach ($data as $key => $value) {
                if (isset($data['route'])) {]
----------------------------------------------------------------------


---------- Date: 2012-11-26 11:19:33 ~ IP : 127.0.0.1 ----------
REQUEST URI : /development/opencart/index.php?route=product/product&amp;path=24&amp;product_id=40
MOD DETAILS:
   modFile   : D:\localhost\development\opencart\vqmod\xml\catalog_common_seo_url.xml
   id        : catalog_common_seo_url
   version   : 1.0
   vqmver    : 1.0
   author    : le hoang duc
SEARCH NOT FOUND (ABORTING MOD): foreach ($data as $key => $value) {
                if (isset($data['route'])) {]
----------------------------------------------------------------------


---------- Date: 2012-11-26 11:19:33 ~ IP : 127.0.0.1 ----------
REQUEST URI : /development/opencart/index.php?route=product/product/captcha
MOD DETAILS:
   modFile   : D:\localhost\development\opencart\vqmod\xml\catalog_common_seo_url.xml
   id        : catalog_common_seo_url
   version   : 1.0
   vqmver    : 1.0
   author    : le hoang duc
SEARCH NOT FOUND (ABORTING MOD): foreach ($data as $key => $value) {
                if (isset($data['route'])) {]
----------------------------------------------------------------------


---------- Date: 2012-11-26 11:19:35 ~ IP : 127.0.0.1 ----------
REQUEST URI : /development/opencart/index.php?route=product/product/review&amp;product_id=40
MOD DETAILS:
   modFile   : D:\localhost\development\opencart\vqmod\xml\catalog_common_seo_url.xml
   id        : catalog_common_seo_url
   version   : 1.0
   vqmver    : 1.0
   author    : le hoang duc
SEARCH NOT FOUND (ABORTING MOD): foreach ($data as $key => $value) {
                if (isset($data['route'])) {]
----------------------------------------------------------------------


---------- Date: 2012-11-26 11:26:17 ~ IP : 127.0.0.1 ----------
REQUEST URI : /development/opencart/index.php?route=product/category&amp;path=25_29
MOD DETAILS:
   modFile   : D:\localhost\development\opencart\vqmod\xml\catalog_common_seo_url.xml
   id        : catalog_common_seo_url
   version   : 1.0
   vqmver    : 1.0
   author    : le hoang duc
SEARCH NOT FOUND (ABORTING MOD): parse_str($url_data['query'], $data);]
----------------------------------------------------------------------


---------- Date: 2012-11-26 11:26:24 ~ IP : 127.0.0.1 ----------
REQUEST URI : /development/opencart/mp3-players
MOD DETAILS:
   modFile   : D:\localhost\development\opencart\vqmod\xml\catalog_common_seo_url.xml
   id        : catalog_common_seo_url
   version   : 1.0
   vqmver    : 1.0
   author    : le hoang duc
SEARCH NOT FOUND (ABORTING MOD): parse_str($url_data['query'], $data);]
----------------------------------------------------------------------


---------- Date: 2012-11-26 11:26:29 ~ IP : 127.0.0.1 ----------
REQUEST URI : /development/opencart/mp3-players
MOD DETAILS:
   modFile   : D:\localhost\development\opencart\vqmod\xml\catalog_common_seo_url.xml
   id        : catalog_common_seo_url
   version   : 1.0
   vqmver    : 1.0
   author    : le hoang duc
SEARCH NOT FOUND (ABORTING MOD): parse_str($url_data['query'], $data);]
----------------------------------------------------------------------


---------- Date: 2012-11-26 11:27:14 ~ IP : 127.0.0.1 ----------
REQUEST URI : /development/opencart/mp3-players
DOM UNABLE TO LOAD: D:\localhost\development\opencart\vqmod\xml\catalog_common_seo_url.xml
----------------------------------------------------------------------


---------- Date: 2012-11-26 11:27:19 ~ IP : 127.0.0.1 ----------
REQUEST URI : /development/opencart/mp3-players
DOM UNABLE TO LOAD: D:\localhost\development\opencart\vqmod\xml\catalog_common_seo_url.xml
----------------------------------------------------------------------


---------- Date: 2012-11-26 11:27:34 ~ IP : 127.0.0.1 ----------
REQUEST URI : /development/opencart/index.php?route=product/category&amp;path=57
MOD DETAILS:
   modFile   : D:\localhost\development\opencart\vqmod\xml\catalog_common_seo_url.xml
   id        : catalog_common_seo_url
   version   : 1.0
   vqmver    : 1.0
   author    : le hoang duc
SEARCH NOT FOUND (ABORTING MOD): parse_str($url_data['query'], $data);]
----------------------------------------------------------------------


---------- Date: 2012-11-26 11:27:39 ~ IP : 127.0.0.1 ----------
REQUEST URI : /development/opencart/index.php?route=product/category&amp;path=17
MOD DETAILS:
   modFile   : D:\localhost\development\opencart\vqmod\xml\catalog_common_seo_url.xml
   id        : catalog_common_seo_url
   version   : 1.0
   vqmver    : 1.0
   author    : le hoang duc
SEARCH NOT FOUND (ABORTING MOD): parse_str($url_data['query'], $data);]
----------------------------------------------------------------------


---------- Date: 2012-11-26 11:27:48 ~ IP : 127.0.0.1 ----------
REQUEST URI : /development/opencart/mp3-players
MOD DETAILS:
   modFile   : D:\localhost\development\opencart\vqmod\xml\catalog_common_seo_url.xml
   id        : catalog_common_seo_url
   version   : 1.0
   vqmver    : 1.0
   author    : le hoang duc
SEARCH NOT FOUND (ABORTING MOD): parse_str($url_data['query'], $data);]
----------------------------------------------------------------------


---------- Date: 2012-11-26 11:27:53 ~ IP : 127.0.0.1 ----------
REQUEST URI : /development/opencart/laptops-notebooks
MOD DETAILS:
   modFile   : D:\localhost\development\opencart\vqmod\xml\catalog_common_seo_url.xml
   id        : catalog_common_seo_url
   version   : 1.0
   vqmver    : 1.0
   author    : le hoang duc
SEARCH NOT FOUND (ABORTING MOD): parse_str($url_data['query'], $data);]
----------------------------------------------------------------------


---------- Date: 2012-11-26 11:28:20 ~ IP : 127.0.0.1 ----------
REQUEST URI : /development/opencart/mp3-players
MOD DETAILS:
   modFile   : D:\localhost\development\opencart\vqmod\xml\catalog_common_seo_url.xml
   id        : catalog_common_seo_url
   version   : 1.0
   vqmver    : 1.0
   author    : le hoang duc
SEARCH NOT FOUND (ABORTING MOD): parse_str($url_data['query'], $data);]
----------------------------------------------------------------------


---------- Date: 2012-11-26 11:29:08 ~ IP : 127.0.0.1 ----------
REQUEST URI : /development/opencart/mp3-players
MOD DETAILS:
   modFile   : D:\localhost\development\opencart\vqmod\xml\catalog_common_seo_url.xml
   id        : catalog_common_seo_url
   version   : 1.0
   vqmver    : 1.0
   author    : le hoang duc
SEARCH NOT FOUND (ABORTING MOD): parse_str($url_data['query'], $data);]
----------------------------------------------------------------------


---------- Date: 2012-11-26 11:29:45 ~ IP : 127.0.0.1 ----------
REQUEST URI : /development/opencart/mp3-players
MOD DETAILS:
   modFile   : D:\localhost\development\opencart\vqmod\xml\catalog_common_seo_url.xml
   id        : catalog_common_seo_url
   version   : 1.0
   vqmver    : 1.0
   author    : le hoang duc
SEARCH NOT FOUND (ABORTING MOD): parse_str($url_data['query'], $data);]
----------------------------------------------------------------------


---------- Date: 2012-11-26 11:42:40 ~ IP : 127.0.0.1 ----------
REQUEST URI : /development/opencart/mp3-players/test-11
MOD DETAILS:
   modFile   : D:\localhost\development\opencart\vqmod\xml\catalog_common_seo_url.xml
   id        : catalog_common_seo_url
   version   : 1.0
   vqmver    : 1.0
   author    : le hoang duc
SEARCH NOT FOUND (ABORTING MOD): parse_str($url_data['query'], $data);]
----------------------------------------------------------------------


---------- Date: 2012-11-26 11:46:12 ~ IP : 127.0.0.1 ----------
REQUEST URI : /development/opencart/desktops
MOD DETAILS:
   modFile   : D:\localhost\development\opencart\vqmod\xml\catalog_common_seo_url.xml
   id        : catalog_common_seo_url
   version   : 1.0
   vqmver    : 1.0
   author    : le hoang duc
SEARCH NOT FOUND (ABORTING MOD): parse_str($url_data['query'], $data);]
----------------------------------------------------------------------


---------- Date: 2012-11-26 11:47:15 ~ IP : 127.0.0.1 ----------
REQUEST URI : /development/opencart/desktops/mac
MOD DETAILS:
   modFile   : D:\localhost\development\opencart\vqmod\xml\catalog_common_seo_url.xml
   id        : catalog_common_seo_url
   version   : 1.0
   vqmver    : 1.0
   author    : le hoang duc
SEARCH NOT FOUND (ABORTING MOD): parse_str($url_data['query'], $data);]
----------------------------------------------------------------------


---------- Date: 2012-11-26 11:47:46 ~ IP : 127.0.0.1 ----------
REQUEST URI : /development/opencart/index.php?route=product/category&amp;path=25_29
MOD DETAILS:
   modFile   : D:\localhost\development\opencart\vqmod\xml\catalog_common_seo_url.xml
   id        : catalog_common_seo_url
   version   : 1.0
   vqmver    : 1.0
   author    : le hoang duc
SEARCH NOT FOUND (ABORTING MOD): parse_str($url_data['query'], $data);]
----------------------------------------------------------------------


---------- Date: 2012-11-26 11:48:37 ~ IP : 127.0.0.1 ----------
REQUEST URI : /development/opencart/mp3-players
MOD DETAILS:
   modFile   : D:\localhost\development\opencart\vqmod\xml\catalog_common_seo_url.xml
   id        : catalog_common_seo_url
   version   : 1.0
   vqmver    : 1.0
   author    : le hoang duc
SEARCH NOT FOUND (ABORTING MOD): parse_str($url_data['query'], $data);]
----------------------------------------------------------------------


---------- Date: 2012-11-26 11:48:46 ~ IP : 127.0.0.1 ----------
REQUEST URI : /development/opencart/mp3-players
MOD DETAILS:
   modFile   : D:\localhost\development\opencart\vqmod\xml\catalog_common_seo_url.xml
   id        : catalog_common_seo_url
   version   : 1.0
   vqmver    : 1.0
   author    : le hoang duc
SEARCH NOT FOUND (ABORTING MOD): parse_str($url_data['query'], $data);]
----------------------------------------------------------------------


---------- Date: 2012-11-26 11:48:47 ~ IP : 127.0.0.1 ----------
REQUEST URI : /development/opencart/mp3-players
MOD DETAILS:
   modFile   : D:\localhost\development\opencart\vqmod\xml\catalog_common_seo_url.xml
   id        : catalog_common_seo_url
   version   : 1.0
   vqmver    : 1.0
   author    : le hoang duc
SEARCH NOT FOUND (ABORTING MOD): parse_str($url_data['query'], $data);]
----------------------------------------------------------------------


---------- Date: 2012-11-26 11:48:48 ~ IP : 127.0.0.1 ----------
REQUEST URI : /development/opencart/mp3-players
MOD DETAILS:
   modFile   : D:\localhost\development\opencart\vqmod\xml\catalog_common_seo_url.xml
   id        : catalog_common_seo_url
   version   : 1.0
   vqmver    : 1.0
   author    : le hoang duc
SEARCH NOT FOUND (ABORTING MOD): parse_str($url_data['query'], $data);]
----------------------------------------------------------------------


---------- Date: 2012-11-26 11:48:49 ~ IP : 127.0.0.1 ----------
REQUEST URI : /development/opencart/mp3-players
MOD DETAILS:
   modFile   : D:\localhost\development\opencart\vqmod\xml\catalog_common_seo_url.xml
   id        : catalog_common_seo_url
   version   : 1.0
   vqmver    : 1.0
   author    : le hoang duc
SEARCH NOT FOUND (ABORTING MOD): parse_str($url_data['query'], $data);]
----------------------------------------------------------------------


---------- Date: 2012-11-26 11:48:54 ~ IP : 127.0.0.1 ----------
REQUEST URI : /development/opencart/index.php?route=product/category&amp;path=25
MOD DETAILS:
   modFile   : D:\localhost\development\opencart\vqmod\xml\catalog_common_seo_url.xml
   id        : catalog_common_seo_url
   version   : 1.0
   vqmver    : 1.0
   author    : le hoang duc
SEARCH NOT FOUND (ABORTING MOD): parse_str($url_data['query'], $data);]
----------------------------------------------------------------------


---------- Date: 2012-11-26 11:48:55 ~ IP : 127.0.0.1 ----------
REQUEST URI : /development/opencart/index.php?route=product/category&amp;path=25_29
MOD DETAILS:
   modFile   : D:\localhost\development\opencart\vqmod\xml\catalog_common_seo_url.xml
   id        : catalog_common_seo_url
   version   : 1.0
   vqmver    : 1.0
   author    : le hoang duc
SEARCH NOT FOUND (ABORTING MOD): parse_str($url_data['query'], $data);]
----------------------------------------------------------------------


---------- Date: 2012-11-26 11:49:27 ~ IP : 127.0.0.1 ----------
REQUEST URI : /development/opencart/index.php?route=product/category&amp;path=25_29
MOD DETAILS:
   modFile   : D:\localhost\development\opencart\vqmod\xml\seo_url.xml
   id        : catalog_common_seo_url
   version   : 1.0
   vqmver    : 1.0
   author    : le hoang duc
SEARCH NOT FOUND (ABORTING MOD): parse_str($url_data['query'], $data);]
----------------------------------------------------------------------


---------- Date: 2012-11-26 11:49:30 ~ IP : 127.0.0.1 ----------
REQUEST URI : /development/opencart/index.php?route=common/home
MOD DETAILS:
   modFile   : D:\localhost\development\opencart\vqmod\xml\seo_url.xml
   id        : catalog_common_seo_url
   version   : 1.0
   vqmver    : 1.0
   author    : le hoang duc
SEARCH NOT FOUND (ABORTING MOD): parse_str($url_data['query'], $data);]
----------------------------------------------------------------------


---------- Date: 2012-11-26 11:49:39 ~ IP : 127.0.0.1 ----------
REQUEST URI : /development/opencart/test
MOD DETAILS:
   modFile   : D:\localhost\development\opencart\vqmod\xml\seo_url.xml
   id        : catalog_common_seo_url
   version   : 1.0
   vqmver    : 1.0
   author    : le hoang duc
SEARCH NOT FOUND (ABORTING MOD): parse_str($url_data['query'], $data);]
----------------------------------------------------------------------


---------- Date: 2012-11-26 11:49:39 ~ IP : 127.0.0.1 ----------
REQUEST URI : /development/opencart/index.php?route=product/product/captcha
MOD DETAILS:
   modFile   : D:\localhost\development\opencart\vqmod\xml\seo_url.xml
   id        : catalog_common_seo_url
   version   : 1.0
   vqmver    : 1.0
   author    : le hoang duc
SEARCH NOT FOUND (ABORTING MOD): parse_str($url_data['query'], $data);]
----------------------------------------------------------------------


---------- Date: 2012-11-26 11:49:41 ~ IP : 127.0.0.1 ----------
REQUEST URI : /development/opencart/index.php?route=product/product/review&amp;product_id=42
MOD DETAILS:
   modFile   : D:\localhost\development\opencart\vqmod\xml\seo_url.xml
   id        : catalog_common_seo_url
   version   : 1.0
   vqmver    : 1.0
   author    : le hoang duc
SEARCH NOT FOUND (ABORTING MOD): parse_str($url_data['query'], $data);]
----------------------------------------------------------------------


---------- Date: 2012-11-26 11:50:34 ~ IP : 127.0.0.1 ----------
REQUEST URI : /development/opencart/index.php?route=common/home
MOD DETAILS:
   modFile   : D:\localhost\development\opencart\vqmod\xml\catalog_common_seo_url.xml
   id        : catalog_common_seo_url
   version   : 1.0
   vqmver    : 1.0
   author    : le hoang duc
SEARCH NOT FOUND (ABORTING MOD): parse_str($url_data['query'], $data);]
----------------------------------------------------------------------


---------- Date: 2012-11-26 11:52:04 ~ IP : 127.0.0.1 ----------
REQUEST URI : /development/opencart/index.php
MOD DETAILS:
   modFile   : D:\localhost\development\opencart\vqmod\xml\catalog_common_seo_url.xml
   id        : catalog_common_seo_url
   version   : 1.0
   vqmver    : 1.0
   author    : le hoang duc
SEARCH NOT FOUND (ABORTING MOD): parse_str($url_data['query'], $data);]
----------------------------------------------------------------------


---------- Date: 2012-11-26 11:52:10 ~ IP : 127.0.0.1 ----------
REQUEST URI : /development/opencart/index.php?route=common/home
MOD DETAILS:
   modFile   : D:\localhost\development\opencart\vqmod\xml\catalog_common_seo_url.xml
   id        : catalog_common_seo_url
   version   : 1.0
   vqmver    : 1.0
   author    : le hoang duc
SEARCH NOT FOUND (ABORTING MOD): parse_str($url_data['query'], $data);]
----------------------------------------------------------------------


---------- Date: 2012-11-26 11:53:28 ~ IP : 127.0.0.1 ----------
REQUEST URI : /development/opencart/index.php?route=common/home
MOD DETAILS:
   modFile   : D:\localhost\development\opencart\vqmod\xml\catalog_common_seo_url.xml
   id        : catalog_common_seo_url
   version   : 1.0
   vqmver    : 1.0
   author    : le hoang duc
SEARCH NOT FOUND (ABORTING MOD): parse_str($url_data['query'], $data);]
----------------------------------------------------------------------


